[Wed, 27. Jun 2018 17:02:09 BST | ID 163186958602993664] DarrylSSY: perms
[Wed, 27. Jun 2018 17:02:13 BST | ID 163186958602993664] DarrylSSY: /perms
[Wed, 27. Jun 2018 17:02:31 BST | ID 163186958602993664] DarrylSSY: /perms user darrylssy promote staff
[Wed, 27. Jun 2018 17:02:46 BST | ID 163186958602993664] DarrylSSY: /perms user darrylssy
[Wed, 27. Jun 2018 17:04:00 BST | ID 163186958602993664] DarrylSSY: /perms user darrylssy set *
[Wed, 27. Jun 2018 17:04:07 BST | ID 163186958602993664] DarrylSSY: perms user darrylssy set *
[Thu, 28. Jun 2018 07:21:47 BST | ID 163186958602993664] DarrylSSY: webite
[Thu, 28. Jun 2018 07:21:51 BST | ID 163186958602993664] DarrylSSY: website
[Thu, 28. Jun 2018 07:26:57 BST | ID 163186958602993664] DarrylSSY: /market help
[Thu, 28. Jun 2018 14:08:29 BST | ID 163186958602993664] DarrylSSY: plugman unload stock
[Thu, 28. Jun 2018 14:08:34 BST | ID 163186958602993664] DarrylSSY: plugman unload stockmarket
[Fri, 29. Jun 2018 00:51:16 BST | ID 163186958602993664] DarrylSSY: icanhasbukkit
[Sun, 1. Jul 2018 16:24:46 BST | ID 163186958602993664] DarrylSSY: <@126864830047977472>
[Sun, 1. Jul 2018 16:24:47 BST | ID 163186958602993664] DarrylSSY: <@126864830047977472>
[Sun, 1. Jul 2018 16:24:49 BST | ID 163186958602993664] DarrylSSY: <@126864830047977472>
[Sun, 1. Jul 2018 16:24:51 BST | ID 163186958602993664] DarrylSSY: <@126864830047977472>
[Sun, 1. Jul 2018 16:24:53 BST | ID 163186958602993664] DarrylSSY: <@126864830047977472>
[Sun, 1. Jul 2018 16:24:55 BST | ID 163186958602993664] DarrylSSY: <@126864830047977472>
[Sun, 1. Jul 2018 16:24:57 BST | ID 163186958602993664] DarrylSSY: <@126864830047977472>
[Sun, 1. Jul 2018 16:25:00 BST | ID 163186958602993664] DarrylSSY: <@126864830047977472>
[Tue, 3. Jul 2018 12:24:45 BST | ID 163186958602993664] DarrylSSY: wwa admin
[Tue, 3. Jul 2018 12:24:48 BST | ID 163186958602993664] DarrylSSY: wwa help
[Tue, 3. Jul 2018 12:24:57 BST | ID 163186958602993664] DarrylSSY: wwa help 2
[Tue, 3. Jul 2018 12:25:02 BST | ID 163186958602993664] DarrylSSY: wwa cure DarrylSSY
[Thu, 12. Jul 2018 22:53:32 SGT | ID 163186958602993664] DarrylSSY: stop
