29/06/2018 00:33:25 [INFO] Loading messages ...
29/06/2018 00:33:25 [INFO] Loading placeholders and event triggers ...
29/06/2018 00:33:25 [INFO] Loading language file: lang_en
29/06/2018 00:33:25 [DEBUG] Loaded placeholder: CustomPlaceholders
29/06/2018 00:33:25 [INFO] Loading internal placeholders ...
29/06/2018 00:33:25 [DEBUG] Loaded placeholder: MySQL
29/06/2018 00:33:26 [INFO] Loading placeholder [Armor] ...
29/06/2018 00:33:25 [INFO] Fetching available placeholders from server ...
29/06/2018 00:33:26 [DEBUG] Loaded placeholder: armor
29/06/2018 00:33:26 [DEBUG] Loaded placeholder: bukkit
29/06/2018 00:33:26 [INFO] Loading placeholder [BungeeCord] ...
29/06/2018 00:33:26 [INFO] Loading placeholder [Bukkit] ...
29/06/2018 00:33:26 [DEBUG] Loaded placeholder: bungeecord
29/06/2018 00:33:26 [INFO] Loading placeholder [ChatReaction] ...
29/06/2018 00:33:26 [DEBUG] Loaded placeholder: chatreaction
29/06/2018 00:33:26 [INFO] Loading event hook: ChatReaction start event ...
29/06/2018 00:33:26 [INFO] Loading event hook: ChatReaction start event ...
29/06/2018 00:33:26 [DEBUG] Loaded placeholder: color
29/06/2018 00:33:26 [INFO] Loading placeholder [Color] ...
29/06/2018 00:33:26 [DEBUG] Loaded placeholder: compass
29/06/2018 00:33:26 [INFO] Loading placeholder [Compass placeholders] ...
29/06/2018 00:33:26 [INFO] Loading placeholder [CommandPlaceholderPack] ...
29/06/2018 00:33:26 [INFO] Loading placeholder [CustomList] ...
29/06/2018 00:33:26 [INFO] Loading placeholder [DeluxeTags] ...
29/06/2018 00:33:26 [DEBUG] Loaded placeholder: deluxetags
29/06/2018 00:33:26 [INFO] Loading placeholder [Economy] ...
29/06/2018 00:33:26 [DEBUG] Loaded placeholder: economy
29/06/2018 00:33:26 [INFO] Loading placeholder [Effects] ...
29/06/2018 00:33:26 [INFO] Loading placeholder [Entities] ...
29/06/2018 00:33:26 [DEBUG] Loaded placeholder: playereffects
29/06/2018 00:33:26 [DEBUG] Loaded placeholder: customlist
29/06/2018 00:33:26 [INFO] Loading placeholder [Essentials] ...
29/06/2018 00:33:26 [DEBUG] Loaded placeholder: command
29/06/2018 00:33:26 [DEBUG] Loaded placeholder: essentials
29/06/2018 00:33:26 [INFO] Loading placeholder [Facebook] ...
29/06/2018 00:33:26 [DEBUG] Loaded placeholder: entities
29/06/2018 00:33:28 [DEBUG] Loaded placeholder: facebook
29/06/2018 00:33:28 [INFO] Loading placeholder [FireworkEffect] ...
29/06/2018 00:33:28 [DEBUG] Loaded placeholder: firework
29/06/2018 00:33:28 [INFO] Loading placeholder [Geographical] ...
29/06/2018 00:33:28 [DEBUG] Loaded placeholder: geographical
29/06/2018 00:33:28 [INFO] Loading placeholder [JavaInfo] ...
29/06/2018 00:33:28 [DEBUG] Loaded placeholder: java
29/06/2018 00:33:28 [INFO] Loading placeholder [Hotbar] ...
29/06/2018 00:33:28 [DEBUG] Loaded placeholder: jobsreborn
29/06/2018 00:33:28 [INFO] Loading placeholder [JobsReborn] ...
29/06/2018 00:33:28 [DEBUG] Loaded placeholder: hotbar
29/06/2018 00:33:28 [INFO] Loading placeholder [LWC] ...
29/06/2018 00:33:28 [INFO] Loading placeholder [LeaderHeads] ...
29/06/2018 00:33:28 [DEBUG] Loaded placeholder: lwc
29/06/2018 00:33:28 [DEBUG] Loaded placeholder: leaderheads
29/06/2018 00:33:28 [INFO] Loading placeholder [Marriage] ...
29/06/2018 00:33:28 [INFO] Loading placeholder [Memory] ...
29/06/2018 00:33:28 [DEBUG] Loaded placeholder: marriage
29/06/2018 00:33:28 [INFO] Loading placeholder [Multiverse-Core] ...
29/06/2018 00:33:28 [DEBUG] Loaded placeholder: memory
29/06/2018 00:33:28 [INFO] Loading placeholder [LibsDisguises] ...
29/06/2018 00:33:28 [DEBUG] Loaded placeholder: libsdisguises
29/06/2018 00:33:28 [INFO] Loading placeholder [Permissions] ...
29/06/2018 00:33:28 [DEBUG] Loaded placeholder: permissions
29/06/2018 00:33:28 [DEBUG] Loaded placeholder: multiverse
29/06/2018 00:33:29 [INFO] Loading placeholder [Previous Names] ...
29/06/2018 00:33:28 [INFO] Loading placeholder [Player] ...
29/06/2018 00:33:28 [DEBUG] Loaded placeholder: placeholderapi
29/06/2018 00:33:29 [DEBUG] Loaded placeholder: player
29/06/2018 00:33:28 [INFO] Loading placeholder [PlaceholderAPI] ...
29/06/2018 00:33:29 [DEBUG] Loaded placeholder: previousnames
29/06/2018 00:33:29 [DEBUG] Loaded placeholder: redisbungee
29/06/2018 00:33:29 [INFO] Loading placeholder [ServerPinger] ...
29/06/2018 00:33:29 [INFO] Loading placeholder [Sound Effects] ...
29/06/2018 00:33:29 [DEBUG] Loaded placeholder: quests
29/06/2018 00:33:29 [INFO] Loading placeholder [Quests] ...
29/06/2018 00:33:29 [DEBUG] Loaded placeholder: serverpinger
29/06/2018 00:33:29 [DEBUG] Loaded placeholder: statistics
29/06/2018 00:33:29 [INFO] Loading placeholder [TicksPerSecond] ...
29/06/2018 00:33:29 [INFO] Loading placeholder [Towny] ...
29/06/2018 00:33:29 [DEBUG] Loaded placeholder: towny
29/06/2018 00:33:29 [INFO] Loading placeholder [Statistics] ...
29/06/2018 00:33:29 [DEBUG] Loaded placeholder: sound
29/06/2018 00:33:29 [INFO] Loading event hook: Towny Town ...
29/06/2018 00:33:29 [INFO] Loading placeholder [RedisBungee] ...
29/06/2018 00:33:29 [INFO] Loading placeholder [Twitter] ...
29/06/2018 00:33:29 [DEBUG] Loaded placeholder: townychat
29/06/2018 00:33:29 [DEBUG] Loaded placeholder: tickspersecond
29/06/2018 00:33:29 [INFO] Loading event hook: Towny Town ...
29/06/2018 00:33:29 [INFO] Enabling event hook: Towny Town!
29/06/2018 00:33:29 [INFO] Enabling event hook: Towny Town!
29/06/2018 00:33:29 [INFO] Loading placeholder [Unicode Characters] ...
29/06/2018 00:33:29 [INFO] Loading placeholder [VanillaEvents] ...
29/06/2018 00:33:30 [DEBUG] Loaded placeholder: vanillaevents
29/06/2018 00:33:30 [INFO] Loading event hook: Vanilla Block place hook ...
29/06/2018 00:33:30 [INFO] Loading event hook: Vanilla player rejoin ...
29/06/2018 00:33:30 [INFO] Loading event hook: Vanilla player join ...
29/06/2018 00:33:30 [INFO] Loading event hook: Vanilla Combat hook ...
29/06/2018 00:33:30 [INFO] Loading event hook: Vanilla player first join ...
29/06/2018 00:33:30 [INFO] Enabling event hook: Vanilla Combat hook!
29/06/2018 00:33:30 [INFO] Loading event hook: Vanilla Block break hook ...
29/06/2018 00:33:30 [INFO] Loading event hook: Vanilla Combat hook ...
29/06/2018 00:33:30 [INFO] Loading event hook: Vanilla Death hook ...
29/06/2018 00:33:29 [DEBUG] Loaded placeholder: unicode
29/06/2018 00:33:30 [INFO] Loading event hook: Vanilla Create portal hook ...
29/06/2018 00:33:30 [INFO] Loading event hook: Vanilla player rejoin ...
29/06/2018 00:33:30 [INFO] Loading event hook: Vanilla Block break hook ...
29/06/2018 00:33:30 [INFO] Loading event hook: Vanilla Create portal hook ...
29/06/2018 00:33:30 [INFO] Loading event hook: Vanilla player first join ...
29/06/2018 00:33:30 [INFO] Loading event hook: Vanilla player join ...
29/06/2018 00:33:30 [INFO] Enabling event hook: Vanilla Combat hook!
29/06/2018 00:33:30 [DEBUG] Loaded placeholder: world
29/06/2018 00:33:30 [INFO] Loading placeholder [WorldBorder] ...
29/06/2018 00:33:30 [DEBUG] Loaded placeholder: voteparty
29/06/2018 00:33:30 [INFO] Loading placeholder [World] ...
29/06/2018 00:33:30 [INFO] Loading event hook: Vanilla Death hook ...
29/06/2018 00:33:30 [INFO] Loading placeholder [VoteParty] ...
29/06/2018 00:33:29 [DEBUG] Loaded placeholder: twitter
29/06/2018 00:33:30 [INFO] Loading placeholder [WorldGuard] ...
29/06/2018 00:33:30 [INFO] Loading event hook: WorldGuard Region ...
29/06/2018 00:33:30 [DEBUG] Loaded placeholder: worldguard
29/06/2018 00:33:30 [INFO] Loading event hook: WorldGuard Region ...
29/06/2018 00:33:30 [INFO] Loading placeholder [mcMMO] ...
29/06/2018 00:33:30 [DEBUG] Loaded placeholder: mcmmo
29/06/2018 00:33:30 [INFO] Enabling event hook: mcMMO Level up event!
29/06/2018 00:33:30 [INFO] Loading event hook: mcMMO Party Level up ...
29/06/2018 00:33:30 [INFO] Loading event hook: mcMMO Level down event ...
29/06/2018 00:33:30 [DEBUG] Loaded placeholder: worldborder
29/06/2018 00:33:30 [INFO] Loading event hook: mcMMO Party Level up ...
29/06/2018 00:33:30 [INFO] Loading event hook: mcMMO Level up event ...
29/06/2018 00:33:30 [INFO] Loading event hook: mcMMO Level down event ...
29/06/2018 00:33:30 [INFO] Loading event hook: Vanilla Block place hook ...
29/06/2018 00:33:30 [INFO] Loaded 3373 of the 3373 placholders
29/06/2018 00:33:31 [INFO] Creating new custom effect: example2
29/06/2018 00:33:30 [INFO] Loading custom effect 'example3' ...
29/06/2018 00:33:30 [INFO] Creating new custom effect: example3
29/06/2018 00:33:31 [INFO] Loading custom effect 'example1' ...
29/06/2018 00:33:31 [INFO] Loading custom effect 'example2' ...
29/06/2018 00:33:31 [INFO] Creating new custom effect: example1
29/06/2018 00:33:30 [INFO] Checking for placeholder updates ...
29/06/2018 00:33:30 [INFO] Loading event hook: mcMMO Level up event ...
29/06/2018 00:33:31 [DEBUG]  - Server supports Objective entries
29/06/2018 00:33:31 [INFO] Loading scoreboard 'combat-scoreboard-example' ...
29/06/2018 00:33:31 [DEBUG]  - Server supports Team prefix/suffix
29/06/2018 00:33:31 [DEBUG]  - Server supports Team entries
29/06/2018 00:33:31 [DEBUG] 	Line: title Static: false
29/06/2018 00:33:31 [DEBUG] 	Line: header Static: true
29/06/2018 00:33:30 [INFO] Enabling event hook: mcMMO Level up event!
29/06/2018 00:33:31 [INFO] Using OPTIMAL as the update strategy
29/06/2018 00:33:31 [DEBUG] Using SCOREBOARD v7
29/06/2018 00:33:31 [DEBUG]  - Server supports Team color
29/06/2018 00:33:31 [DEBUG] 	Line: health-label Static: true
29/06/2018 00:33:31 [DEBUG] 	Line: spacer1 Static: false
29/06/2018 00:33:31 [DEBUG] 	Line: combat-data Static: false
29/06/2018 00:33:31 [DEBUG] 	Line: health-data-1 Static: false
29/06/2018 00:33:31 [DEBUG] 	Line: footer Static: true
29/06/2018 00:33:31 [DEBUG] 	Line: combat-label Static: true
29/06/2018 00:33:31 [INFO] Loading scoreboard 'mcmmo-levelup' ...
29/06/2018 00:33:31 [DEBUG] 	Line: header Static: true
29/06/2018 00:33:31 [DEBUG] 	Line: info-label Static: false
29/06/2018 00:33:31 [DEBUG] 	Line: spacer1 Static: true
29/06/2018 00:33:31 [DEBUG] 	Line: skill Static: false
29/06/2018 00:33:31 [DEBUG] 	Line: skilllevel-label Static: true
29/06/2018 00:33:31 [DEBUG] 	Line: skilllevel Static: false
29/06/2018 00:33:31 [DEBUG] 	Line: footer Static: true
29/06/2018 00:33:31 [DEBUG] 	Line: title Static: false
29/06/2018 00:33:31 [INFO] Loading scoreboard 'default' ...
29/06/2018 00:33:31 [DEBUG] 	Line: header Static: false
29/06/2018 00:33:31 [DEBUG] 	Line: player-label Static: true
29/06/2018 00:33:31 [DEBUG] 	Line: player-line1 Static: false
29/06/2018 00:33:31 [DEBUG] 	Line: player-line2 Static: false
29/06/2018 00:33:31 [DEBUG] 	Line: spacer1 Static: false
29/06/2018 00:33:31 [DEBUG] 	Line: news-info Static: true
29/06/2018 00:33:31 [DEBUG] 	Line: news Static: false
29/06/2018 00:33:31 [DEBUG] 	Line: spacer2 Static: false
29/06/2018 00:33:31 [DEBUG] 	Line: health-data-2 Static: false
29/06/2018 00:33:31 [DEBUG] 	Line: timesplayed-label Static: false
29/06/2018 00:33:31 [DEBUG] 	Line: skill-label Static: true
29/06/2018 00:33:31 [DEBUG] 	Line: title Static: false
29/06/2018 00:33:31 [DEBUG] 	Line: spacer2 Static: true
29/06/2018 00:33:31 [DEBUG] 	Line: timesplayed Static: false
29/06/2018 00:33:31 [DEBUG] 	Line: spacer3 Static: false
29/06/2018 00:33:31 [DEBUG] 	Line: server-label Static: true
29/06/2018 00:33:31 [DEBUG] 	Line: server-line1 Static: false
29/06/2018 00:33:31 [INFO] Loading scoreboard 'towny-town-example' ...
29/06/2018 00:33:31 [DEBUG] 	Line: title Static: false
29/06/2018 00:33:31 [DEBUG] 	Line: town-label Static: true
29/06/2018 00:33:31 [DEBUG] 	Line: town-data Static: false
29/06/2018 00:33:31 [DEBUG] 	Line: spacer1 Static: false
29/06/2018 00:33:31 [DEBUG] 	Line: townboard-label Static: true
29/06/2018 00:33:31 [DEBUG] 	Line: townboard Static: false
29/06/2018 00:33:31 [DEBUG] 	Line: spacer2 Static: false
29/06/2018 00:33:31 [DEBUG] 	Line: poplulation-data Static: false
29/06/2018 00:33:31 [DEBUG] 	Line: footer Static: true
29/06/2018 00:33:31 [INFO] Loading scoreboard 'benchmark' ...
29/06/2018 00:33:31 [DEBUG] 	Line: line2 Static: false
29/06/2018 00:33:31 [DEBUG] 	Line: title Static: false
29/06/2018 00:33:31 [DEBUG] 	Line: line3 Static: false
29/06/2018 00:33:31 [DEBUG] 	Line: header Static: true
29/06/2018 00:33:31 [DEBUG] 	Line: line4 Static: false
29/06/2018 00:33:32 [DEBUG] 	Line: line7 Static: false
29/06/2018 00:33:31 [DEBUG] 	Line: line6 Static: false
29/06/2018 00:33:32 [DEBUG] 	Line: line8 Static: false
29/06/2018 00:33:31 [DEBUG] 	Line: line5 Static: false
29/06/2018 00:33:32 [DEBUG] 	Line: line10 Static: false
29/06/2018 00:33:32 [DEBUG] 	Line: line11 Static: false
29/06/2018 00:33:32 [DEBUG] 	Line: line12 Static: false
29/06/2018 00:33:32 [DEBUG] 	Line: line14 Static: false
29/06/2018 00:33:32 [DEBUG] 	Line: line13 Static: false
29/06/2018 00:33:32 [DEBUG] 	Line: line9 Static: false
29/06/2018 00:33:32 [DEBUG] Scoreboards groups sorted by priority:
29/06/2018 00:33:32 [DEBUG] 	combat-scoreboard-example - 0
29/06/2018 00:33:32 [DEBUG] 	default - 10
29/06/2018 00:33:32 [DEBUG] 	mcmmo-levelup - 0
29/06/2018 00:33:32 [DEBUG] 	towny-town-example - 0
29/06/2018 00:33:32 [INFO] Added 'PERMISSION' as the default scoreboard assign method
29/06/2018 00:33:32 [DEBUG] 	benchmark - 0
29/06/2018 00:33:32 [INFO] Generating metrics information ...
29/06/2018 00:33:32 [MESSAGE] &5[&9FeatherBoard&5] &aYour version is up to date!
29/06/2018 00:33:32 [INFO] Adding command 'featherboard'
29/06/2018 00:33:32 [DEBUG] 	Adding sub command 'on'
29/06/2018 00:33:32 [DEBUG] 	Adding sub command 'toggle'
29/06/2018 00:33:32 [DEBUG] 	Adding sub command 'gui'
29/06/2018 00:33:32 [DEBUG] 	Adding sub command 'off'
29/06/2018 00:33:32 [DEBUG] 	Line: line15 Static: false
29/06/2018 00:33:31 [DEBUG] 	Line: population-label Static: true
29/06/2018 00:33:32 [DEBUG] 	Adding sub command 'placeholders'
29/06/2018 00:33:32 [DEBUG] 	Adding sub command 'debug'
29/06/2018 00:33:32 [DEBUG] 	Adding sub command 'reload'
29/06/2018 00:33:32 [INFO] Toggle persistence is disabled!
29/06/2018 00:33:32 [DEBUG] 	Adding sub command 'permissions'
29/06/2018 00:33:32 [DEBUG] 	Adding sub command 'reload'
29/06/2018 00:33:32 [DEBUG] 	Adding sub command 'generatebbcode'
29/06/2018 00:33:32 [DEBUG] 	Adding sub command 'parse'
29/06/2018 00:33:32 [DEBUG] 	Adding sub command 'about'
29/06/2018 00:33:32 [DEBUG] 	Adding sub command 'editsetting'
29/06/2018 00:33:32 [DEBUG] 	Adding sub command 'modules'
29/06/2018 00:33:32 [DEBUG] 	Adding sub command 'info'
29/06/2018 00:33:31 [DEBUG] 	Line: line1 Static: false
29/06/2018 00:33:32 [DEBUG] 	Adding sub command 'show'
29/06/2018 00:33:34 [DEBUG] Refreshing group 'default' for new custom placeholder 'crazycrates_me.badbones69.crazycrates.api.objects.crate@13a914b5'
29/06/2018 00:33:32 [DEBUG] 	Adding sub command 'help'
29/06/2018 00:33:32 [DEBUG] 	Adding sub command 'remove'
29/06/2018 00:33:32 [DEBUG] 	Adding sub command 'createscoreboard'
29/06/2018 00:33:32 [DEBUG] 	Adding sub command 'module'
29/06/2018 00:33:32 [DEBUG] 	Adding sub command 'removescoreboard'
29/06/2018 00:33:32 [DEBUG] 	Adding sub command 'hide'
29/06/2018 00:33:32 [DEBUG] 	Adding sub command 'add'
29/06/2018 00:33:34 [DEBUG] Refreshing group 'mcmmo-levelup' for new custom placeholder 'crazycrates_me.badbones69.crazycrates.api.objects.crate@13a914b5'
29/06/2018 00:33:34 [DEBUG] Refreshing group 'towny-town-example' for new custom placeholder 'crazycrates_me.badbones69.crazycrates.api.objects.crate@13a914b5'
29/06/2018 00:33:34 [DEBUG] Refreshing group 'combat-scoreboard-example' for new custom placeholder 'crazycrates_me.badbones69.crazycrates.api.objects.crate@2366dd9f'
29/06/2018 00:33:34 [DEBUG] Refreshing group 'mcmmo-levelup' for new custom placeholder 'crazycrates_me.badbones69.crazycrates.api.objects.crate@2366dd9f'
29/06/2018 00:33:34 [DEBUG] Refreshing group 'benchmark' for new custom placeholder 'crazycrates_me.badbones69.crazycrates.api.objects.crate@2366dd9f'
29/06/2018 00:33:34 [DEBUG] Refreshing group 'benchmark' for new custom placeholder 'crazycrates_me.badbones69.crazycrates.api.objects.crate@13a914b5'
29/06/2018 00:33:34 [DEBUG] Refreshing group 'benchmark' for new custom placeholder 'crazycrates_me.badbones69.crazycrates.api.objects.crate@1ccaed3b'
29/06/2018 00:33:34 [DEBUG] Refreshing group 'towny-town-example' for new custom placeholder 'crazycrates_me.badbones69.crazycrates.api.objects.crate@1ccaed3b'
29/06/2018 00:33:34 [DEBUG] Refreshing group 'combat-scoreboard-example' for new custom placeholder 'crazycrates_me.badbones69.crazycrates.api.objects.crate@1a6fb8a6'
29/06/2018 00:33:34 [DEBUG] Refreshing group 'mcmmo-levelup' for new custom placeholder 'crazycrates_me.badbones69.crazycrates.api.objects.crate@1a6fb8a6'
29/06/2018 00:33:34 [DEBUG] Refreshing group 'towny-town-example' for new custom placeholder 'crazycrates_me.badbones69.crazycrates.api.objects.crate@1a6fb8a6'
29/06/2018 00:33:34 [DEBUG] Refreshing group 'benchmark' for new custom placeholder 'crazycrates_me.badbones69.crazycrates.api.objects.crate@1a6fb8a6'
29/06/2018 00:33:34 [DEBUG] Refreshing group 'combat-scoreboard-example' for new custom placeholder 'crazycrates_me.badbones69.crazycrates.api.objects.crate@1ccaed3b'
29/06/2018 00:33:34 [DEBUG] Refreshing group 'mcmmo-levelup' for new custom placeholder 'crazycrates_me.badbones69.crazycrates.api.objects.crate@1ccaed3b'
29/06/2018 00:33:34 [DEBUG] Refreshing group 'default' for new custom placeholder 'crazycrates_me.badbones69.crazycrates.api.objects.crate@1ccaed3b'
29/06/2018 00:33:34 [DEBUG] Refreshing group 'default' for new custom placeholder 'crazycrates_me.badbones69.crazycrates.api.objects.crate@1a6fb8a6'
29/06/2018 00:33:34 [DEBUG] Refreshing group 'towny-town-example' for new custom placeholder 'crazycrates_me.badbones69.crazycrates.api.objects.crate@2366dd9f'
29/06/2018 00:33:34 [DEBUG] Refreshing group 'default' for new custom placeholder 'crazycrates_me.badbones69.crazycrates.api.objects.crate@2366dd9f'
29/06/2018 00:33:34 [DEBUG] Refreshing group 'combat-scoreboard-example' for new custom placeholder 'crazycrates_me.badbones69.crazycrates.api.objects.crate@13a914b5'
29/06/2018 00:34:12 [INFO] Checking for module updates ...
29/06/2018 00:34:12 [INFO] Fetching modules from server ...
