12/07/2018 22:44:07 [INFO] Loading messages ...
12/07/2018 22:44:07 [INFO] Loading language file: lang_en
12/07/2018 22:44:07 [INFO] Loading placeholders and event triggers ...
12/07/2018 22:44:07 [INFO] Fetching available placeholders from server ...
12/07/2018 22:44:07 [DEBUG] Loaded placeholder: MySQL
12/07/2018 22:44:09 [INFO] Loading placeholder [Armor] ...
12/07/2018 22:44:09 [INFO] Loading placeholder [ChatReaction] ...
12/07/2018 22:44:10 [INFO] Loading event hook: ChatReaction start event ...
12/07/2018 22:44:10 [INFO] Loading placeholder [Color] ...
12/07/2018 22:44:10 [DEBUG] Loaded placeholder: customlist
12/07/2018 22:44:10 [INFO] Loading placeholder [CustomList] ...
12/07/2018 22:44:10 [INFO] Loading placeholder [DeluxeTags] ...
12/07/2018 22:44:10 [DEBUG] Loaded placeholder: entities
12/07/2018 22:44:10 [INFO] Loading placeholder [Facebook] ...
12/07/2018 22:44:11 [DEBUG] Loaded placeholder: facebook
12/07/2018 22:44:12 [DEBUG] Loaded placeholder: geographical
12/07/2018 22:44:09 [INFO] Loading placeholder [Bukkit] ...
12/07/2018 22:44:09 [DEBUG] Loaded placeholder: bukkit
12/07/2018 22:44:12 [DEBUG] Loaded placeholder: java
12/07/2018 22:44:12 [INFO] Loading placeholder [JobsReborn] ...
12/07/2018 22:44:12 [INFO] Loading placeholder [LWC] ...
12/07/2018 22:44:12 [DEBUG] Loaded placeholder: jobsreborn
12/07/2018 22:44:12 [DEBUG] Loaded placeholder: lwc
12/07/2018 22:44:07 [DEBUG] Loaded placeholder: CustomPlaceholders
12/07/2018 22:44:09 [DEBUG] Loaded placeholder: bungeecord
12/07/2018 22:44:12 [DEBUG] Loaded placeholder: libsdisguises
12/07/2018 22:44:12 [INFO] Loading placeholder [Marriage] ...
12/07/2018 22:44:12 [DEBUG] Loaded placeholder: marriage
12/07/2018 22:44:12 [DEBUG] Loaded placeholder: memory
12/07/2018 22:44:12 [INFO] Loading placeholder [Multiverse-Core] ...
12/07/2018 22:44:12 [INFO] Loading placeholder [Memory] ...
12/07/2018 22:44:10 [DEBUG] Loaded placeholder: color
12/07/2018 22:44:10 [INFO] Loading placeholder [CommandPlaceholderPack] ...
12/07/2018 22:44:10 [DEBUG] Loaded placeholder: compass
12/07/2018 22:44:13 [DEBUG] Loaded placeholder: player
12/07/2018 22:44:13 [INFO] Loading placeholder [Previous Names] ...
12/07/2018 22:44:13 [DEBUG] Loaded placeholder: previousnames
12/07/2018 22:44:13 [DEBUG] Loaded placeholder: quests
12/07/2018 22:44:13 [INFO] Loading placeholder [RedisBungee] ...
12/07/2018 22:44:13 [INFO] Loading placeholder [Quests] ...
12/07/2018 22:44:13 [DEBUG] Loaded placeholder: redisbungee
12/07/2018 22:44:13 [INFO] Loading placeholder [ServerPinger] ...
12/07/2018 22:44:13 [DEBUG] Loaded placeholder: serverpinger
12/07/2018 22:44:12 [INFO] Loading placeholder [PlaceholderAPI] ...
12/07/2018 22:44:13 [INFO] Loading placeholder [Sound Effects] ...
12/07/2018 22:44:12 [DEBUG] Loaded placeholder: placeholderapi
12/07/2018 22:44:12 [INFO] Loading placeholder [Permissions] ...
12/07/2018 22:44:12 [DEBUG] Loaded placeholder: permissions
12/07/2018 22:44:12 [INFO] Loading placeholder [Player] ...
12/07/2018 22:44:13 [INFO] Loading placeholder [Statistics] ...
12/07/2018 22:44:12 [DEBUG] Loaded placeholder: multiverse
12/07/2018 22:44:12 [INFO] Loading placeholder [LeaderHeads] ...
12/07/2018 22:44:12 [INFO] Loading placeholder [JavaInfo] ...
12/07/2018 22:44:12 [INFO] Loading placeholder [LibsDisguises] ...
12/07/2018 22:44:12 [DEBUG] Loaded placeholder: leaderheads
12/07/2018 22:44:11 [DEBUG] Loaded placeholder: firework
12/07/2018 22:44:11 [INFO] Loading placeholder [Geographical] ...
12/07/2018 22:44:10 [INFO] Loading placeholder [Essentials] ...
12/07/2018 22:44:14 [INFO] Loading event hook: Towny Town ...
12/07/2018 22:44:14 [INFO] Enabling event hook: Towny Town!
12/07/2018 22:44:14 [INFO] Loading placeholder [VanillaEvents] ...
12/07/2018 22:44:10 [DEBUG] Loaded placeholder: command
12/07/2018 22:44:10 [INFO] Loading placeholder [Compass placeholders] ...
12/07/2018 22:44:14 [INFO] Loading placeholder [Unicode Characters] ...
12/07/2018 22:44:14 [INFO] Loading event hook: Towny Town ...
12/07/2018 22:44:10 [DEBUG] Loaded placeholder: economy
12/07/2018 22:44:10 [INFO] Loading placeholder [Entities] ...
12/07/2018 22:44:14 [INFO] Loading event hook: Vanilla Block break hook ...
12/07/2018 22:44:14 [INFO] Loading placeholder [Twitter] ...
12/07/2018 22:44:10 [INFO] Loading placeholder [Economy] ...
12/07/2018 22:44:14 [DEBUG] Loaded placeholder: vanillaevents
12/07/2018 22:44:10 [DEBUG] Loaded placeholder: chatreaction
12/07/2018 22:44:14 [INFO] Loading event hook: Vanilla Combat hook ...
12/07/2018 22:44:14 [INFO] Enabling event hook: Vanilla Combat hook!
12/07/2018 22:44:14 [INFO] Loading event hook: Vanilla Death hook ...
12/07/2018 22:44:10 [INFO] Loading event hook: ChatReaction start event ...
12/07/2018 22:44:14 [INFO] Loading event hook: Vanilla Create portal hook ...
12/07/2018 22:44:15 [INFO] Loading event hook: mcMMO Party Level up ...
12/07/2018 22:44:13 [DEBUG] Loaded placeholder: sound
12/07/2018 22:44:14 [INFO] Loading event hook: Vanilla player join ...
12/07/2018 22:44:15 [INFO] Loading placeholder [WorldBorder] ...
12/07/2018 22:44:09 [DEBUG] Loaded placeholder: armor
12/07/2018 22:44:14 [INFO] Loading placeholder [World] ...
12/07/2018 22:44:09 [INFO] Loading placeholder [BungeeCord] ...
12/07/2018 22:44:15 [DEBUG] Loaded placeholder: world
12/07/2018 22:44:14 [DEBUG] Loaded placeholder: statistics
12/07/2018 22:44:07 [INFO] Loading internal placeholders ...
12/07/2018 22:44:16 [DEBUG]  - Server supports Objective entries
12/07/2018 22:44:16 [DEBUG]  - Server supports Team prefix/suffix
12/07/2018 22:44:16 [DEBUG]  - Server supports Team entries
12/07/2018 22:44:16 [DEBUG] Using SCOREBOARD v7
12/07/2018 22:44:16 [INFO] Using OPTIMAL as the update strategy
12/07/2018 22:44:16 [INFO] Loading scoreboard 'benchmark' ...
12/07/2018 22:44:16 [DEBUG] 	Line: line1 Static: false
12/07/2018 22:44:16 [DEBUG] 	Line: line2 Static: false
12/07/2018 22:44:17 [DEBUG] 	Line: title Static: false
12/07/2018 22:44:16 [DEBUG] 	Line: title Static: false
12/07/2018 22:44:17 [DEBUG] 	Line: line10 Static: false
12/07/2018 22:44:17 [DEBUG] 	Line: line13 Static: false
12/07/2018 22:44:17 [DEBUG] 	Line: health-data-2 Static: false
12/07/2018 22:44:17 [DEBUG] 	Line: footer Static: true
12/07/2018 22:44:17 [INFO] Loading scoreboard 'combat-scoreboard-example' ...
12/07/2018 22:44:15 [INFO] Loading event hook: mcMMO Level up event ...
12/07/2018 22:44:16 [DEBUG] 	Line: line4 Static: false
12/07/2018 22:44:16 [DEBUG] 	Line: line3 Static: false
12/07/2018 22:44:17 [DEBUG] 	Line: combat-data Static: false
12/07/2018 22:44:17 [DEBUG] 	Line: line9 Static: false
12/07/2018 22:44:17 [DEBUG] 	Line: line11 Static: false
12/07/2018 22:44:17 [DEBUG] 	Line: spacer1 Static: false
12/07/2018 22:44:14 [INFO] Loading placeholder [Towny] ...
12/07/2018 22:44:15 [INFO] Loading event hook: mcMMO Party Level up ...
12/07/2018 22:44:17 [DEBUG] 	Line: line15 Static: false
12/07/2018 22:44:17 [DEBUG] 	Line: title Static: false
12/07/2018 22:44:17 [DEBUG] 	Line: header Static: true
12/07/2018 22:44:17 [DEBUG] 	Line: timesplayed-label Static: false
12/07/2018 22:44:11 [INFO] Loading placeholder [FireworkEffect] ...
12/07/2018 22:44:12 [DEBUG] Loaded placeholder: hotbar
12/07/2018 22:44:10 [DEBUG] Loaded placeholder: essentials
12/07/2018 22:44:10 [DEBUG] Loaded placeholder: playereffects
12/07/2018 22:44:17 [DEBUG] 	Line: player-line2 Static: false
12/07/2018 22:44:17 [DEBUG] 	Line: combat-label Static: true
12/07/2018 22:44:17 [DEBUG] 	Line: health-label Static: true
12/07/2018 22:44:14 [DEBUG] Loaded placeholder: towny
12/07/2018 22:44:12 [INFO] Loading placeholder [Hotbar] ...
12/07/2018 22:44:10 [DEBUG] Loaded placeholder: deluxetags
12/07/2018 22:44:10 [INFO] Loading placeholder [Effects] ...
12/07/2018 22:44:17 [DEBUG] 	Line: news-info Static: true
12/07/2018 22:44:18 [DEBUG] 	Adding sub command 'hide'
12/07/2018 22:44:18 [DEBUG] 	Adding sub command 'module'
12/07/2018 22:44:18 [DEBUG] 	Adding sub command 'remove'
12/07/2018 22:44:18 [DEBUG] 	Adding sub command 'createscoreboard'
12/07/2018 22:44:18 [DEBUG] 	Adding sub command 'about'
12/07/2018 22:44:18 [DEBUG] 	Adding sub command 'modules'
12/07/2018 22:44:18 [DEBUG] 	Adding sub command 'show'
12/07/2018 22:44:18 [DEBUG] 	Adding sub command 'parse'
12/07/2018 22:44:18 [DEBUG] 	Adding sub command 'help'
12/07/2018 22:44:18 [DEBUG] 	Adding sub command 'debug'
12/07/2018 22:44:18 [DEBUG] 	Adding sub command 'placeholders'
12/07/2018 22:44:18 [DEBUG] 	Adding sub command 'gui'
12/07/2018 22:44:18 [DEBUG] 	Adding sub command 'on'
12/07/2018 22:44:18 [INFO] Toggle persistence is disabled!
12/07/2018 22:44:18 [MESSAGE] &5[&9FeatherBoard&5] &aYour version is up to date!
12/07/2018 22:44:17 [DEBUG] 	Line: population-label Static: true
12/07/2018 22:44:17 [DEBUG] 	Line: spacer1 Static: false
12/07/2018 22:44:17 [DEBUG] Scoreboards groups sorted by priority:
12/07/2018 22:44:17 [DEBUG] 	default - 10
12/07/2018 22:44:17 [DEBUG] 	Line: town-data Static: false
12/07/2018 22:44:17 [DEBUG] 	mcmmo-levelup - 0
12/07/2018 22:44:17 [DEBUG] 	towny-town-example - 0
12/07/2018 22:44:17 [DEBUG] 	Line: spacer2 Static: false
12/07/2018 22:44:17 [DEBUG] 	Line: title Static: false
12/07/2018 22:44:17 [DEBUG] 	Line: spacer1 Static: true
12/07/2018 22:44:17 [INFO] Loading scoreboard 'mcmmo-levelup' ...
12/07/2018 22:44:17 [DEBUG] 	Line: spacer2 Static: true
12/07/2018 22:44:17 [INFO] Loading scoreboard 'towny-town-example' ...
12/07/2018 22:44:17 [DEBUG] 	Line: skilllevel-label Static: true
12/07/2018 22:44:17 [DEBUG] 	Line: timesplayed Static: false
12/07/2018 22:44:17 [DEBUG] 	Line: player-label Static: true
12/07/2018 22:44:17 [DEBUG] 	Line: player-line1 Static: false
12/07/2018 22:44:17 [DEBUG] 	Line: server-line1 Static: false
12/07/2018 22:44:17 [DEBUG] 	Line: info-label Static: false
12/07/2018 22:44:17 [DEBUG] 	Line: spacer2 Static: false
12/07/2018 22:44:17 [DEBUG] 	Line: health-data-1 Static: false
12/07/2018 22:44:17 [DEBUG] 	Line: line7 Static: false
12/07/2018 22:44:17 [DEBUG] 	Line: line14 Static: false
12/07/2018 22:44:17 [DEBUG] 	Line: line6 Static: false
12/07/2018 22:44:18 [DEBUG] 	Adding sub command 'removescoreboard'
12/07/2018 22:44:18 [DEBUG] 	Adding sub command 'info'
12/07/2018 22:44:18 [DEBUG] 	Adding sub command 'editsetting'
12/07/2018 22:44:18 [DEBUG] 	Adding sub command 'add'
12/07/2018 22:44:18 [DEBUG] 	Adding sub command 'reload'
12/07/2018 22:44:18 [DEBUG] 	Adding sub command 'generatebbcode'
12/07/2018 22:44:18 [DEBUG] 	Adding sub command 'reload'
12/07/2018 22:44:18 [DEBUG] 	Adding sub command 'permissions'
12/07/2018 22:44:18 [DEBUG] 	Adding sub command 'toggle'
12/07/2018 22:44:18 [DEBUG] 	Adding sub command 'off'
12/07/2018 22:44:17 [DEBUG] 	Line: footer Static: true
12/07/2018 22:44:17 [DEBUG] 	Line: server-label Static: true
12/07/2018 22:44:18 [INFO] Adding command 'featherboard'
12/07/2018 22:44:17 [INFO] Generating metrics information ...
12/07/2018 22:44:17 [INFO] Added 'PERMISSION' as the default scoreboard assign method
12/07/2018 22:44:17 [DEBUG] 	combat-scoreboard-example - 0
12/07/2018 22:44:17 [DEBUG] 	benchmark - 0
12/07/2018 22:44:17 [DEBUG] 	Line: poplulation-data Static: false
12/07/2018 22:44:17 [DEBUG] 	Line: townboard Static: false
12/07/2018 22:44:17 [DEBUG] 	Line: skill-label Static: true
12/07/2018 22:44:17 [DEBUG] 	Line: town-label Static: true
12/07/2018 22:44:17 [DEBUG] 	Line: skilllevel Static: false
12/07/2018 22:44:17 [DEBUG] 	Line: header Static: true
12/07/2018 22:44:17 [DEBUG] 	Line: header Static: true
12/07/2018 22:44:17 [DEBUG] 	Line: footer Static: true
12/07/2018 22:44:17 [DEBUG] 	Line: title Static: false
12/07/2018 22:44:16 [INFO] Creating new custom effect: example3
12/07/2018 22:44:14 [INFO] Enabling event hook: Vanilla Combat hook!
12/07/2018 22:44:15 [INFO] Enabling event hook: mcMMO Level up event!
12/07/2018 22:44:15 [INFO] Loading event hook: mcMMO Level down event ...
12/07/2018 22:44:15 [INFO] Creating new custom effect: example1
12/07/2018 22:44:17 [DEBUG] 	Line: line5 Static: false
12/07/2018 22:44:14 [DEBUG] Loaded placeholder: voteparty
12/07/2018 22:44:15 [INFO] Loading custom effect 'example1' ...
12/07/2018 22:44:15 [INFO] Creating new custom effect: example2
12/07/2018 22:44:15 [INFO] Loading custom effect 'example2' ...
12/07/2018 22:44:15 [INFO] Loading event hook: mcMMO Level down event ...
12/07/2018 22:44:15 [INFO] Loading event hook: WorldGuard Region ...
12/07/2018 22:44:14 [INFO] Enabling event hook: Towny Town!
12/07/2018 22:44:17 [DEBUG] 	Line: line8 Static: false
12/07/2018 22:44:14 [INFO] Loading placeholder [VoteParty] ...
12/07/2018 22:44:15 [INFO] Loaded 3373 of the 3373 placholders
12/07/2018 22:44:16 [INFO] Loading custom effect 'example3' ...
12/07/2018 22:44:15 [DEBUG] Loaded placeholder: mcmmo
12/07/2018 22:44:15 [DEBUG] Loaded placeholder: worldguard
12/07/2018 22:44:17 [DEBUG] 	Line: spacer3 Static: false
12/07/2018 22:44:17 [DEBUG] 	Line: spacer1 Static: false
12/07/2018 22:44:17 [DEBUG] 	Line: news Static: false
12/07/2018 22:44:14 [DEBUG] Loaded placeholder: townychat
12/07/2018 22:44:14 [INFO] Loading placeholder [TicksPerSecond] ...
12/07/2018 22:44:15 [INFO] Loading event hook: WorldGuard Region ...
12/07/2018 22:44:17 [INFO] Loading scoreboard 'default' ...
12/07/2018 22:44:17 [DEBUG] 	Line: skill Static: false
12/07/2018 22:44:15 [INFO] Loading placeholder [WorldGuard] ...
12/07/2018 22:44:17 [DEBUG] 	Line: townboard-label Static: true
12/07/2018 22:44:19 [DEBUG] Refreshing group 'combat-scoreboard-example' for new custom placeholder 'crazycrates_me.badbones69.crazycrates.api.objects.crate@42d17bb9'
12/07/2018 22:44:19 [DEBUG] Refreshing group 'benchmark' for new custom placeholder 'crazycrates_me.badbones69.crazycrates.api.objects.crate@67d7a575'
12/07/2018 22:44:19 [DEBUG] Refreshing group 'mcmmo-levelup' for new custom placeholder 'crazycrates_me.badbones69.crazycrates.api.objects.crate@67d7a575'
12/07/2018 22:44:19 [DEBUG] Refreshing group 'default' for new custom placeholder 'crazycrates_me.badbones69.crazycrates.api.objects.crate@42d17bb9'
12/07/2018 22:44:14 [INFO] Loading event hook: Vanilla Combat hook ...
12/07/2018 22:44:19 [DEBUG] Refreshing group 'benchmark' for new custom placeholder 'crazycrates_me.badbones69.crazycrates.api.objects.crate@42d17bb9'
12/07/2018 22:44:14 [INFO] Loading event hook: Vanilla player rejoin ...
12/07/2018 22:44:19 [DEBUG] Refreshing group 'benchmark' for new custom placeholder 'crazycrates_me.badbones69.crazycrates.api.objects.crate@1d1359fe'
12/07/2018 22:44:15 [DEBUG] Loaded placeholder: worldborder
12/07/2018 22:44:14 [DEBUG] Loaded placeholder: unicode
12/07/2018 22:44:14 [INFO] Loading event hook: Vanilla player rejoin ...
12/07/2018 22:44:19 [DEBUG] Refreshing group 'towny-town-example' for new custom placeholder 'crazycrates_me.badbones69.crazycrates.api.objects.crate@1d1359fe'
12/07/2018 22:44:19 [DEBUG] Refreshing group 'benchmark' for new custom placeholder 'crazycrates_me.badbones69.crazycrates.api.objects.crate@1d31d916'
12/07/2018 22:44:15 [INFO] Loading event hook: mcMMO Level up event ...
12/07/2018 22:44:15 [INFO] Checking for placeholder updates ...
12/07/2018 22:44:15 [INFO] Loading placeholder [mcMMO] ...
12/07/2018 22:44:16 [DEBUG]  - Server supports Team color
12/07/2018 22:44:15 [INFO] Enabling event hook: mcMMO Level up event!
12/07/2018 22:44:19 [DEBUG] Refreshing group 'combat-scoreboard-example' for new custom placeholder 'crazycrates_me.badbones69.crazycrates.api.objects.crate@1d1359fe'
12/07/2018 22:44:17 [DEBUG] 	Line: header Static: false
12/07/2018 22:44:19 [DEBUG] Refreshing group 'default' for new custom placeholder 'crazycrates_me.badbones69.crazycrates.api.objects.crate@1d31d916'
12/07/2018 22:44:19 [DEBUG] Refreshing group 'default' for new custom placeholder 'crazycrates_me.badbones69.crazycrates.api.objects.crate@1d1359fe'
12/07/2018 22:44:19 [DEBUG] Refreshing group 'towny-town-example' for new custom placeholder 'crazycrates_me.badbones69.crazycrates.api.objects.crate@67d7a575'
12/07/2018 22:44:14 [INFO] Loading event hook: Vanilla Create portal hook ...
12/07/2018 22:44:14 [INFO] Loading event hook: Vanilla Block place hook ...
12/07/2018 22:44:14 [INFO] Loading event hook: Vanilla Block place hook ...
12/07/2018 22:44:17 [DEBUG] 	Line: line12 Static: false
12/07/2018 22:44:14 [DEBUG] Loaded placeholder: tickspersecond
12/07/2018 22:44:14 [INFO] Loading event hook: Vanilla Death hook ...
12/07/2018 22:44:14 [INFO] Loading event hook: Vanilla Block break hook ...
12/07/2018 22:44:14 [INFO] Loading event hook: Vanilla player first join ...
12/07/2018 22:44:14 [DEBUG] Loaded placeholder: twitter
12/07/2018 22:44:14 [INFO] Loading event hook: Vanilla player first join ...
12/07/2018 22:44:14 [INFO] Loading event hook: Vanilla player join ...
12/07/2018 22:44:19 [DEBUG] Refreshing group 'mcmmo-levelup' for new custom placeholder 'crazycrates_me.badbones69.crazycrates.api.objects.crate@1d31d916'
12/07/2018 22:44:19 [DEBUG] Refreshing group 'towny-town-example' for new custom placeholder 'crazycrates_me.badbones69.crazycrates.api.objects.crate@42d17bb9'
12/07/2018 22:44:19 [DEBUG] Refreshing group 'mcmmo-levelup' for new custom placeholder 'crazycrates_me.badbones69.crazycrates.api.objects.crate@1d1359fe'
12/07/2018 22:44:19 [DEBUG] Refreshing group 'combat-scoreboard-example' for new custom placeholder 'crazycrates_me.badbones69.crazycrates.api.objects.crate@1d31d916'
12/07/2018 22:44:19 [DEBUG] Refreshing group 'mcmmo-levelup' for new custom placeholder 'crazycrates_me.badbones69.crazycrates.api.objects.crate@42d17bb9'
12/07/2018 22:44:19 [DEBUG] Refreshing group 'towny-town-example' for new custom placeholder 'crazycrates_me.badbones69.crazycrates.api.objects.crate@1d31d916'
12/07/2018 22:44:19 [DEBUG] Refreshing group 'combat-scoreboard-example' for new custom placeholder 'crazycrates_me.badbones69.crazycrates.api.objects.crate@67d7a575'
12/07/2018 22:44:19 [DEBUG] Refreshing group 'default' for new custom placeholder 'crazycrates_me.badbones69.crazycrates.api.objects.crate@67d7a575'
12/07/2018 22:48:35 [INFO] Checking for module updates ...
12/07/2018 22:48:35 [INFO] Fetching modules from server ...
