13/07/2018 00:05:55 [INFO] Loading language file: lang_en
13/07/2018 00:05:55 [INFO] Loading internal placeholders ...
13/07/2018 00:05:55 [INFO] Loading messages ...
13/07/2018 00:05:55 [INFO] Loading placeholders and event triggers ...
13/07/2018 00:05:55 [DEBUG] Loaded placeholder: CustomPlaceholders
13/07/2018 00:05:55 [DEBUG] Loaded placeholder: MySQL
13/07/2018 00:05:55 [INFO] Fetching available placeholders from server ...
13/07/2018 00:05:57 [DEBUG] Loaded placeholder: armor
13/07/2018 00:05:57 [INFO] Loading placeholder [Armor] ...
13/07/2018 00:05:57 [INFO] Loading placeholder [Bukkit] ...
13/07/2018 00:05:57 [DEBUG] Loaded placeholder: bukkit
13/07/2018 00:05:57 [DEBUG] Loaded placeholder: bungeecord
13/07/2018 00:05:57 [INFO] Loading placeholder [ChatReaction] ...
13/07/2018 00:05:57 [INFO] Loading placeholder [Color] ...
13/07/2018 00:05:57 [INFO] Loading event hook: ChatReaction start event ...
13/07/2018 00:05:57 [INFO] Loading placeholder [CommandPlaceholderPack] ...
13/07/2018 00:05:57 [INFO] Loading placeholder [Compass placeholders] ...
13/07/2018 00:05:57 [DEBUG] Loaded placeholder: color
13/07/2018 00:05:57 [DEBUG] Loaded placeholder: chatreaction
13/07/2018 00:05:57 [INFO] Loading event hook: ChatReaction start event ...
13/07/2018 00:05:57 [DEBUG] Loaded placeholder: customlist
13/07/2018 00:05:57 [INFO] Loading placeholder [DeluxeTags] ...
13/07/2018 00:05:57 [INFO] Loading placeholder [BungeeCord] ...
13/07/2018 00:05:57 [DEBUG] Loaded placeholder: deluxetags
13/07/2018 00:05:57 [INFO] Loading placeholder [CustomList] ...
13/07/2018 00:05:57 [DEBUG] Loaded placeholder: command
13/07/2018 00:05:57 [DEBUG] Loaded placeholder: economy
13/07/2018 00:05:57 [DEBUG] Loaded placeholder: compass
13/07/2018 00:05:57 [INFO] Loading placeholder [Entities] ...
13/07/2018 00:05:57 [DEBUG] Loaded placeholder: playereffects
13/07/2018 00:05:57 [INFO] Loading placeholder [Essentials] ...
13/07/2018 00:05:57 [INFO] Loading placeholder [Facebook] ...
13/07/2018 00:05:57 [DEBUG] Loaded placeholder: essentials
13/07/2018 00:05:58 [DEBUG] Loaded placeholder: facebook
13/07/2018 00:05:58 [INFO] Loading placeholder [FireworkEffect] ...
13/07/2018 00:05:58 [DEBUG] Loaded placeholder: firework
13/07/2018 00:05:57 [INFO] Loading placeholder [Effects] ...
13/07/2018 00:05:58 [INFO] Loading placeholder [Geographical] ...
13/07/2018 00:05:59 [DEBUG] Loaded placeholder: jobsreborn
13/07/2018 00:05:59 [INFO] Loading placeholder [JobsReborn] ...
13/07/2018 00:05:59 [INFO] Loading placeholder [Hotbar] ...
13/07/2018 00:05:59 [DEBUG] Loaded placeholder: geographical
13/07/2018 00:05:59 [DEBUG] Loaded placeholder: hotbar
13/07/2018 00:05:59 [INFO] Loading placeholder [JavaInfo] ...
13/07/2018 00:05:59 [INFO] Loading placeholder [LWC] ...
13/07/2018 00:05:59 [DEBUG] Loaded placeholder: java
13/07/2018 00:05:57 [INFO] Loading placeholder [Economy] ...
13/07/2018 00:05:59 [DEBUG] Loaded placeholder: leaderheads
13/07/2018 00:05:59 [INFO] Loading placeholder [LibsDisguises] ...
13/07/2018 00:05:57 [DEBUG] Loaded placeholder: entities
13/07/2018 00:05:59 [INFO] Loading placeholder [LeaderHeads] ...
13/07/2018 00:05:59 [DEBUG] Loaded placeholder: lwc
13/07/2018 00:05:59 [INFO] Loading placeholder [Marriage] ...
13/07/2018 00:05:59 [DEBUG] Loaded placeholder: memory
13/07/2018 00:05:59 [DEBUG] Loaded placeholder: marriage
13/07/2018 00:05:59 [INFO] Loading placeholder [Memory] ...
13/07/2018 00:05:59 [INFO] Loading placeholder [Multiverse-Core] ...
13/07/2018 00:05:59 [DEBUG] Loaded placeholder: multiverse
13/07/2018 00:05:59 [INFO] Loading placeholder [Permissions] ...
13/07/2018 00:05:59 [INFO] Loading placeholder [PlaceholderAPI] ...
13/07/2018 00:05:59 [DEBUG] Loaded placeholder: player
13/07/2018 00:05:59 [DEBUG] Loaded placeholder: permissions
13/07/2018 00:05:59 [DEBUG] Loaded placeholder: placeholderapi
13/07/2018 00:05:59 [INFO] Loading placeholder [Player] ...
13/07/2018 00:05:59 [INFO] Loading placeholder [Previous Names] ...
13/07/2018 00:05:59 [DEBUG] Loaded placeholder: libsdisguises
13/07/2018 00:05:59 [INFO] Loading placeholder [Quests] ...
13/07/2018 00:05:59 [DEBUG] Loaded placeholder: quests
13/07/2018 00:05:59 [DEBUG] Loaded placeholder: previousnames
13/07/2018 00:05:59 [DEBUG] Loaded placeholder: redisbungee
13/07/2018 00:05:59 [DEBUG] Loaded placeholder: serverpinger
13/07/2018 00:05:59 [DEBUG] Loaded placeholder: tickspersecond
13/07/2018 00:05:59 [DEBUG] Loaded placeholder: towny
13/07/2018 00:05:59 [INFO] Loading event hook: Towny Town ...
13/07/2018 00:05:59 [INFO] Loading placeholder [Sound Effects] ...
13/07/2018 00:05:59 [DEBUG] Loaded placeholder: statistics
13/07/2018 00:05:59 [INFO] Loading placeholder [ServerPinger] ...
13/07/2018 00:05:59 [INFO] Loading placeholder [Towny] ...
13/07/2018 00:06:00 [INFO] Loading event hook: Towny Town ...
13/07/2018 00:06:00 [INFO] Loading placeholder [VanillaEvents] ...
13/07/2018 00:06:00 [INFO] Enabling event hook: Towny Town!
13/07/2018 00:05:59 [INFO] Loading placeholder [Statistics] ...
13/07/2018 00:05:59 [INFO] Loading placeholder [TicksPerSecond] ...
13/07/2018 00:05:59 [DEBUG] Loaded placeholder: townychat
13/07/2018 00:06:00 [INFO] Loading placeholder [Twitter] ...
13/07/2018 00:06:00 [DEBUG] Loaded placeholder: twitter
13/07/2018 00:06:00 [INFO] Enabling event hook: Towny Town!
13/07/2018 00:06:00 [INFO] Loading placeholder [Unicode Characters] ...
13/07/2018 00:06:00 [DEBUG] Loaded placeholder: vanillaevents
13/07/2018 00:06:00 [DEBUG] Loaded placeholder: unicode
13/07/2018 00:05:59 [INFO] Loading placeholder [RedisBungee] ...
13/07/2018 00:05:59 [DEBUG] Loaded placeholder: sound
13/07/2018 00:06:00 [INFO] Loading event hook: Vanilla Create portal hook ...
13/07/2018 00:06:00 [INFO] Loading event hook: Vanilla Death hook ...
13/07/2018 00:06:00 [INFO] Enabling event hook: Vanilla Combat hook!
13/07/2018 00:06:00 [INFO] Loading event hook: Vanilla Block place hook ...
13/07/2018 00:06:00 [DEBUG] Loaded placeholder: world
13/07/2018 00:06:00 [INFO] Loading placeholder [WorldGuard] ...
13/07/2018 00:06:00 [INFO] Loading event hook: Vanilla player rejoin ...
13/07/2018 00:06:00 [INFO] Loading event hook: Vanilla player join ...
13/07/2018 00:06:00 [INFO] Loading event hook: Vanilla player first join ...
13/07/2018 00:06:00 [INFO] Loading placeholder [World] ...
13/07/2018 00:06:00 [DEBUG] Loaded placeholder: voteparty
13/07/2018 00:06:00 [INFO] Loading event hook: Vanilla Create portal hook ...
13/07/2018 00:06:00 [DEBUG] Loaded placeholder: worldguard
13/07/2018 00:06:00 [INFO] Loading placeholder [VoteParty] ...
13/07/2018 00:06:00 [INFO] Loading event hook: mcMMO Level up event ...
13/07/2018 00:06:00 [INFO] Loading event hook: WorldGuard Region ...
13/07/2018 00:06:00 [INFO] Loading event hook: mcMMO Level down event ...
13/07/2018 00:06:00 [INFO] Loading event hook: mcMMO Level down event ...
13/07/2018 00:06:00 [INFO] Loading event hook: mcMMO Party Level up ...
13/07/2018 00:06:00 [INFO] Loading event hook: Vanilla Block place hook ...
13/07/2018 00:06:00 [INFO] Loading event hook: Vanilla Death hook ...
13/07/2018 00:06:00 [INFO] Loading event hook: mcMMO Party Level up ...
13/07/2018 00:06:00 [INFO] Loading custom effect 'example1' ...
13/07/2018 00:06:00 [INFO] Loading event hook: Vanilla Combat hook ...
13/07/2018 00:06:00 [INFO] Loading event hook: mcMMO Level up event ...
13/07/2018 00:06:00 [INFO] Checking for placeholder updates ...
13/07/2018 00:06:00 [INFO] Enabling event hook: Vanilla Combat hook!
13/07/2018 00:06:00 [INFO] Loading custom effect 'example2' ...
13/07/2018 00:06:00 [INFO] Loading event hook: Vanilla player rejoin ...
13/07/2018 00:06:00 [INFO] Loading event hook: Vanilla Block break hook ...
13/07/2018 00:06:00 [INFO] Loading event hook: Vanilla player join ...
13/07/2018 00:06:00 [INFO] Loading event hook: Vanilla Block break hook ...
13/07/2018 00:06:01 [DEBUG]  - Server supports Team color
13/07/2018 00:06:01 [DEBUG]  - Server supports Objective entries
13/07/2018 00:06:02 [DEBUG] 	Line: line11 Static: false
13/07/2018 00:06:01 [DEBUG]  - Server supports Team prefix/suffix
13/07/2018 00:06:01 [DEBUG]  - Server supports Team entries
13/07/2018 00:06:02 [INFO] Using OPTIMAL as the update strategy
13/07/2018 00:06:00 [INFO] Loading placeholder [WorldBorder] ...
13/07/2018 00:06:02 [DEBUG] 	Line: line13 Static: false
13/07/2018 00:06:02 [DEBUG] 	Line: line1 Static: false
13/07/2018 00:06:02 [DEBUG] 	Line: line14 Static: false
13/07/2018 00:06:02 [DEBUG] 	Line: combat-data Static: false
13/07/2018 00:06:02 [INFO] Loading scoreboard 'benchmark' ...
13/07/2018 00:06:01 [INFO] Creating new custom effect: example2
13/07/2018 00:06:02 [DEBUG] 	Line: title Static: false
13/07/2018 00:06:00 [DEBUG] Loaded placeholder: mcmmo
13/07/2018 00:06:02 [DEBUG] 	Line: line4 Static: false
13/07/2018 00:06:02 [DEBUG] 	Line: line2 Static: false
13/07/2018 00:06:02 [DEBUG] 	Line: line9 Static: false
13/07/2018 00:06:02 [DEBUG] 	Line: line5 Static: false
13/07/2018 00:06:02 [DEBUG] 	Line: line6 Static: false
13/07/2018 00:06:02 [DEBUG] 	Line: line8 Static: false
13/07/2018 00:06:02 [DEBUG] 	Line: line7 Static: false
13/07/2018 00:06:02 [INFO] Loading scoreboard 'combat-scoreboard-example' ...
13/07/2018 00:06:00 [INFO] Loading event hook: WorldGuard Region ...
13/07/2018 00:06:00 [INFO] Enabling event hook: mcMMO Level up event!
13/07/2018 00:06:02 [DEBUG] 	Line: line12 Static: false
13/07/2018 00:06:02 [DEBUG] 	Line: line15 Static: false
13/07/2018 00:06:01 [INFO] Creating new custom effect: example3
13/07/2018 00:06:00 [INFO] Loading event hook: Vanilla Combat hook ...
13/07/2018 00:06:00 [INFO] Loaded 3373 of the 3373 placholders
13/07/2018 00:06:00 [INFO] Creating new custom effect: example1
13/07/2018 00:06:00 [INFO] Enabling event hook: mcMMO Level up event!
13/07/2018 00:06:00 [INFO] Loading event hook: Vanilla player first join ...
13/07/2018 00:06:00 [INFO] Loading placeholder [mcMMO] ...
13/07/2018 00:06:01 [DEBUG] Using SCOREBOARD v7
13/07/2018 00:06:02 [DEBUG] 	Line: player-line2 Static: false
13/07/2018 00:06:02 [DEBUG] 	Line: title Static: false
13/07/2018 00:06:00 [DEBUG] Loaded placeholder: worldborder
13/07/2018 00:06:02 [DEBUG] 	Line: title Static: false
13/07/2018 00:06:02 [DEBUG] 	Line: news Static: false
13/07/2018 00:06:02 [DEBUG] 	Line: line3 Static: false
13/07/2018 00:06:02 [DEBUG] 	Line: news-info Static: true
13/07/2018 00:06:02 [DEBUG] 	Line: combat-label Static: true
13/07/2018 00:06:02 [DEBUG] 	Line: timesplayed Static: false
13/07/2018 00:06:02 [DEBUG] 	Line: health-label Static: true
13/07/2018 00:06:02 [DEBUG] 	Line: spacer3 Static: false
13/07/2018 00:06:01 [INFO] Loading custom effect 'example3' ...
13/07/2018 00:06:02 [DEBUG] 	Line: server-line1 Static: false
13/07/2018 00:06:02 [DEBUG] 	Line: timesplayed-label Static: false
13/07/2018 00:06:02 [INFO] Loading scoreboard 'mcmmo-levelup' ...
13/07/2018 00:06:02 [DEBUG] 	Line: title Static: false
13/07/2018 00:06:02 [DEBUG] 	Line: info-label Static: false
13/07/2018 00:06:02 [DEBUG] 	Line: skill Static: false
13/07/2018 00:06:02 [DEBUG] 	Line: skill-label Static: true
13/07/2018 00:06:02 [DEBUG] 	Line: line10 Static: false
13/07/2018 00:06:02 [DEBUG] 	Line: spacer1 Static: false
13/07/2018 00:06:02 [DEBUG] 	Line: health-data-1 Static: false
13/07/2018 00:06:02 [DEBUG] 	Line: spacer1 Static: true
13/07/2018 00:06:02 [DEBUG] 	Line: header Static: true
13/07/2018 00:06:02 [DEBUG] 	Line: skilllevel-label Static: true
13/07/2018 00:06:02 [DEBUG] 	Line: health-data-2 Static: false
13/07/2018 00:06:02 [DEBUG] 	Line: player-label Static: true
13/07/2018 00:06:02 [DEBUG] 	Line: header Static: false
13/07/2018 00:06:02 [INFO] Loading scoreboard 'default' ...
13/07/2018 00:06:02 [DEBUG] 	Line: spacer1 Static: false
13/07/2018 00:06:03 [DEBUG] 	Adding sub command 'permissions'
13/07/2018 00:06:02 [DEBUG] 	Line: spacer2 Static: true
13/07/2018 00:06:02 [DEBUG] 	Line: footer Static: true
13/07/2018 00:06:02 [DEBUG] 	Line: spacer2 Static: false
13/07/2018 00:06:02 [DEBUG] 	Line: title Static: false
13/07/2018 00:06:02 [DEBUG] 	Line: player-line1 Static: false
13/07/2018 00:06:03 [INFO] Adding command 'featherboard'
13/07/2018 00:06:02 [DEBUG] 	Line: town-label Static: true
13/07/2018 00:06:02 [DEBUG] 	Line: spacer1 Static: false
13/07/2018 00:06:02 [DEBUG] 	Line: town-data Static: false
13/07/2018 00:06:02 [DEBUG] 	Line: footer Static: true
13/07/2018 00:06:02 [INFO] Loading scoreboard 'towny-town-example' ...
13/07/2018 00:06:03 [DEBUG] 	Adding sub command 'reload'
13/07/2018 00:06:02 [DEBUG] 	Line: server-label Static: true
13/07/2018 00:06:02 [DEBUG] 	Line: townboard Static: false
13/07/2018 00:06:02 [DEBUG] 	Line: header Static: true
13/07/2018 00:06:02 [DEBUG] 	Line: townboard-label Static: true
13/07/2018 00:06:02 [DEBUG] 	Line: header Static: true
13/07/2018 00:06:03 [DEBUG] 	Adding sub command 'hide'
13/07/2018 00:06:02 [DEBUG] 	Line: skilllevel Static: false
13/07/2018 00:06:02 [DEBUG] 	Line: population-label Static: true
13/07/2018 00:06:03 [DEBUG] 	Adding sub command 'modules'
13/07/2018 00:06:03 [DEBUG] 	Adding sub command 'show'
13/07/2018 00:06:02 [DEBUG] 	Line: poplulation-data Static: false
13/07/2018 00:06:02 [DEBUG] 	Line: footer Static: true
13/07/2018 00:06:02 [DEBUG] 	Line: spacer2 Static: false
13/07/2018 00:06:02 [DEBUG] 	default - 10
13/07/2018 00:06:02 [DEBUG] 	benchmark - 0
13/07/2018 00:06:02 [DEBUG] 	mcmmo-levelup - 0
13/07/2018 00:06:02 [DEBUG] 	combat-scoreboard-example - 0
13/07/2018 00:06:02 [DEBUG] 	towny-town-example - 0
13/07/2018 00:06:02 [INFO] Added 'PERMISSION' as the default scoreboard assign method
13/07/2018 00:06:03 [INFO] Toggle persistence is disabled!
13/07/2018 00:06:03 [DEBUG] 	Adding sub command 'on'
13/07/2018 00:06:03 [MESSAGE] &5[&9FeatherBoard&5] &aYour version is up to date!
13/07/2018 00:06:02 [DEBUG] Scoreboards groups sorted by priority:
13/07/2018 00:06:03 [DEBUG] 	Adding sub command 'gui'
13/07/2018 00:06:03 [DEBUG] 	Adding sub command 'toggle'
13/07/2018 00:06:03 [DEBUG] 	Adding sub command 'off'
13/07/2018 00:06:03 [DEBUG] 	Adding sub command 'reload'
13/07/2018 00:06:03 [DEBUG] 	Adding sub command 'debug'
13/07/2018 00:06:03 [DEBUG] 	Adding sub command 'generatebbcode'
13/07/2018 00:06:03 [DEBUG] 	Adding sub command 'help'
13/07/2018 00:06:03 [DEBUG] 	Adding sub command 'about'
13/07/2018 00:06:03 [DEBUG] 	Adding sub command 'placeholders'
13/07/2018 00:06:03 [DEBUG] 	Adding sub command 'removescoreboard'
13/07/2018 00:06:03 [DEBUG] 	Adding sub command 'editsetting'
13/07/2018 00:06:04 [DEBUG] 	Adding sub command 'info'
13/07/2018 00:06:04 [DEBUG] 	Adding sub command 'remove'
13/07/2018 00:06:03 [DEBUG] 	Adding sub command 'createscoreboard'
13/07/2018 00:06:04 [DEBUG] 	Adding sub command 'add'
13/07/2018 00:06:04 [DEBUG] 	Adding sub command 'module'
13/07/2018 00:06:02 [INFO] Generating metrics information ...
13/07/2018 00:06:03 [DEBUG] 	Adding sub command 'parse'
13/07/2018 00:06:04 [DEBUG] Refreshing group 'combat-scoreboard-example' for new custom placeholder 'crazycrates_me.badbones69.crazycrates.api.objects.crate@3b7de457'
13/07/2018 00:06:04 [DEBUG] Refreshing group 'mcmmo-levelup' for new custom placeholder 'crazycrates_me.badbones69.crazycrates.api.objects.crate@5089653d'
13/07/2018 00:06:04 [DEBUG] Refreshing group 'towny-town-example' for new custom placeholder 'crazycrates_me.badbones69.crazycrates.api.objects.crate@5dc408a6'
13/07/2018 00:06:04 [DEBUG] Refreshing group 'benchmark' for new custom placeholder 'crazycrates_me.badbones69.crazycrates.api.objects.crate@5dc408a6'
13/07/2018 00:06:04 [DEBUG] Refreshing group 'benchmark' for new custom placeholder 'crazycrates_me.badbones69.crazycrates.api.objects.crate@3b7de457'
13/07/2018 00:06:04 [DEBUG] Refreshing group 'default' for new custom placeholder 'crazycrates_me.badbones69.crazycrates.api.objects.crate@5089653d'
13/07/2018 00:06:04 [DEBUG] Refreshing group 'mcmmo-levelup' for new custom placeholder 'crazycrates_me.badbones69.crazycrates.api.objects.crate@3b7de457'
13/07/2018 00:06:04 [DEBUG] Refreshing group 'default' for new custom placeholder 'crazycrates_me.badbones69.crazycrates.api.objects.crate@3b7de457'
13/07/2018 00:06:04 [DEBUG] Refreshing group 'benchmark' for new custom placeholder 'crazycrates_me.badbones69.crazycrates.api.objects.crate@5089653d'
13/07/2018 00:06:04 [DEBUG] Refreshing group 'towny-town-example' for new custom placeholder 'crazycrates_me.badbones69.crazycrates.api.objects.crate@3b7de457'
13/07/2018 00:06:04 [DEBUG] Refreshing group 'towny-town-example' for new custom placeholder 'crazycrates_me.badbones69.crazycrates.api.objects.crate@876c09c'
13/07/2018 00:06:04 [DEBUG] Refreshing group 'mcmmo-levelup' for new custom placeholder 'crazycrates_me.badbones69.crazycrates.api.objects.crate@876c09c'
13/07/2018 00:06:04 [DEBUG] Refreshing group 'combat-scoreboard-example' for new custom placeholder 'crazycrates_me.badbones69.crazycrates.api.objects.crate@5089653d'
13/07/2018 00:06:04 [DEBUG] Refreshing group 'default' for new custom placeholder 'crazycrates_me.badbones69.crazycrates.api.objects.crate@876c09c'
13/07/2018 00:06:04 [DEBUG] Refreshing group 'combat-scoreboard-example' for new custom placeholder 'crazycrates_me.badbones69.crazycrates.api.objects.crate@876c09c'
13/07/2018 00:06:04 [DEBUG] Refreshing group 'benchmark' for new custom placeholder 'crazycrates_me.badbones69.crazycrates.api.objects.crate@876c09c'
13/07/2018 00:06:04 [DEBUG] Refreshing group 'mcmmo-levelup' for new custom placeholder 'crazycrates_me.badbones69.crazycrates.api.objects.crate@5dc408a6'
13/07/2018 00:06:04 [DEBUG] Refreshing group 'default' for new custom placeholder 'crazycrates_me.badbones69.crazycrates.api.objects.crate@5dc408a6'
13/07/2018 00:06:04 [DEBUG] Refreshing group 'towny-town-example' for new custom placeholder 'crazycrates_me.badbones69.crazycrates.api.objects.crate@5089653d'
13/07/2018 00:06:04 [DEBUG] Refreshing group 'combat-scoreboard-example' for new custom placeholder 'crazycrates_me.badbones69.crazycrates.api.objects.crate@5dc408a6'
13/07/2018 00:06:46 [INFO] Fetching modules from server ...
13/07/2018 00:06:46 [INFO] Checking for module updates ...
