27/06/2018 15:23:33 [INFO] Loading messages ...
27/06/2018 15:23:33 [INFO] Loading language file: lang_en
27/06/2018 15:23:34 [INFO] Loading placeholders and event triggers ...
27/06/2018 15:23:34 [INFO] Loading internal placeholders ...
27/06/2018 15:23:34 [DEBUG] Loaded placeholder: CustomPlaceholders
27/06/2018 15:23:34 [DEBUG] Loaded placeholder: MySQL
27/06/2018 15:23:35 [DEBUG] Loaded placeholder: armor
27/06/2018 15:23:35 [INFO] Loading placeholder [Bukkit] ...
27/06/2018 15:23:35 [INFO] Loading placeholder [BungeeCord] ...
27/06/2018 15:23:35 [DEBUG] Loaded placeholder: bukkit
27/06/2018 15:23:34 [INFO] Fetching available placeholders from server ...
27/06/2018 15:23:35 [INFO] Loading placeholder [Armor] ...
27/06/2018 15:23:35 [DEBUG] Loaded placeholder: chatreaction
27/06/2018 15:23:35 [DEBUG] Loaded placeholder: bungeecord
27/06/2018 15:23:35 [INFO] Loading placeholder [ChatReaction] ...
27/06/2018 15:23:35 [INFO] Loading placeholder [Color] ...
27/06/2018 15:23:35 [INFO] Loading event hook: ChatReaction start event ...
27/06/2018 15:23:35 [INFO] Loading event hook: ChatReaction start event ...
27/06/2018 15:23:35 [DEBUG] Loaded placeholder: command
27/06/2018 15:23:35 [INFO] Loading placeholder [CommandPlaceholderPack] ...
27/06/2018 15:23:35 [DEBUG] Loaded placeholder: color
27/06/2018 15:23:35 [INFO] Loading placeholder [Compass placeholders] ...
27/06/2018 15:23:35 [INFO] Loading placeholder [CustomList] ...
27/06/2018 15:23:35 [DEBUG] Loaded placeholder: deluxetags
27/06/2018 15:23:35 [INFO] Loading placeholder [Economy] ...
27/06/2018 15:23:35 [DEBUG] Loaded placeholder: compass
27/06/2018 15:23:35 [DEBUG] Loaded placeholder: customlist
27/06/2018 15:23:35 [DEBUG] Loaded placeholder: economy
27/06/2018 15:23:35 [INFO] Loading placeholder [Effects] ...
27/06/2018 15:23:35 [INFO] Loading placeholder [Facebook] ...
27/06/2018 15:23:35 [DEBUG] Loaded placeholder: playereffects
27/06/2018 15:23:35 [DEBUG] Loaded placeholder: entities
27/06/2018 15:23:35 [INFO] Loading placeholder [Entities] ...
27/06/2018 15:23:35 [INFO] Loading placeholder [Essentials] ...
27/06/2018 15:23:35 [DEBUG] Loaded placeholder: essentials
27/06/2018 15:23:36 [DEBUG] Loaded placeholder: facebook
27/06/2018 15:23:35 [INFO] Loading placeholder [DeluxeTags] ...
27/06/2018 15:23:36 [INFO] Loading placeholder [Hotbar] ...
27/06/2018 15:23:36 [DEBUG] Loaded placeholder: geographical
27/06/2018 15:23:36 [INFO] Loading placeholder [FireworkEffect] ...
27/06/2018 15:23:36 [DEBUG] Loaded placeholder: hotbar
27/06/2018 15:23:36 [INFO] Loading placeholder [JavaInfo] ...
27/06/2018 15:23:36 [INFO] Loading placeholder [JobsReborn] ...
27/06/2018 15:23:36 [DEBUG] Loaded placeholder: java
27/06/2018 15:23:36 [DEBUG] Loaded placeholder: firework
27/06/2018 15:23:36 [INFO] Loading placeholder [Geographical] ...
27/06/2018 15:23:36 [DEBUG] Loaded placeholder: jobsreborn
27/06/2018 15:23:36 [INFO] Loading placeholder [LWC] ...
27/06/2018 15:23:36 [DEBUG] Loaded placeholder: lwc
27/06/2018 15:23:36 [INFO] Loading placeholder [PlaceholderAPI] ...
27/06/2018 15:23:36 [INFO] Loading placeholder [LeaderHeads] ...
27/06/2018 15:23:36 [DEBUG] Loaded placeholder: libsdisguises
27/06/2018 15:23:36 [INFO] Loading placeholder [LibsDisguises] ...
27/06/2018 15:23:36 [INFO] Loading placeholder [Memory] ...
27/06/2018 15:23:36 [DEBUG] Loaded placeholder: leaderheads
27/06/2018 15:23:36 [DEBUG] Loaded placeholder: marriage
27/06/2018 15:23:36 [DEBUG] Loaded placeholder: memory
27/06/2018 15:23:36 [INFO] Loading placeholder [Multiverse-Core] ...
27/06/2018 15:23:36 [INFO] Loading placeholder [Permissions] ...
27/06/2018 15:23:36 [DEBUG] Loaded placeholder: multiverse
27/06/2018 15:23:36 [DEBUG] Loaded placeholder: permissions
27/06/2018 15:23:36 [INFO] Loading placeholder [Marriage] ...
27/06/2018 15:23:36 [INFO] Loading placeholder [Previous Names] ...
27/06/2018 15:23:36 [INFO] Loading placeholder [Player] ...
27/06/2018 15:23:36 [DEBUG] Loaded placeholder: player
27/06/2018 15:23:36 [INFO] Loading placeholder [Quests] ...
27/06/2018 15:23:36 [INFO] Loading placeholder [RedisBungee] ...
27/06/2018 15:23:36 [DEBUG] Loaded placeholder: quests
27/06/2018 15:23:36 [DEBUG] Loaded placeholder: placeholderapi
27/06/2018 15:23:36 [DEBUG] Loaded placeholder: redisbungee
27/06/2018 15:23:36 [DEBUG] Loaded placeholder: previousnames
27/06/2018 15:23:36 [INFO] Loading placeholder [ServerPinger] ...
27/06/2018 15:23:36 [INFO] Loading placeholder [Sound Effects] ...
27/06/2018 15:23:36 [DEBUG] Loaded placeholder: serverpinger
27/06/2018 15:23:36 [DEBUG] Loaded placeholder: sound
27/06/2018 15:23:36 [DEBUG] Loaded placeholder: statistics
27/06/2018 15:23:36 [INFO] Loading placeholder [Statistics] ...
27/06/2018 15:23:36 [INFO] Loading placeholder [StockMarket] ...
27/06/2018 15:23:36 [DEBUG] Loaded placeholder: stockmarket
27/06/2018 15:23:36 [DEBUG] Loaded placeholder: stockmarket-yahoofinance
27/06/2018 15:23:36 [INFO] Loading placeholder [StockMarket YahooFinance] ...
27/06/2018 15:23:36 [DEBUG] Loaded placeholder: tickspersecond
27/06/2018 15:23:36 [INFO] Downloading placeholder [Towny 1.0.1] ...
27/06/2018 15:23:36 [DEBUG] Output file is: D:\axisrealm\plugins\FeatherBoard\modules\towny.jar
27/06/2018 15:23:37 [DEBUG] Downloading file: http://modules.mvdw-software.com/api/v1/moduleupdate/1c552c08-0833-420f-bfe7-aad54868835d/download?plugin=FeatherBoard&plugin-version=4.9.0&plugin-filehash=27f6ae328f9b938a141d77bfc38d57f6&plugin-nonce=249986269&plugin-asmhash=dfb2916cc1135a01afb808a667379700&plugin-asmhash2=a481352d72da3f6c9ba672593e998d92&plugin-filecount=392&plugin-user=30293&server-javaversion=1.8.0_172
27/06/2018 15:23:36 [INFO] Loading placeholder [TicksPerSecond] ...
27/06/2018 15:23:37 [DEBUG] Downloaded file to: D:\axisrealm\plugins\FeatherBoard\modules\towny.jar
27/06/2018 15:23:37 [DEBUG] Download location: D:\axisrealm\plugins\FeatherBoard\modules\towny.jar
27/06/2018 15:23:37 [DEBUG] Loaded placeholder: towny
27/06/2018 15:23:37 [MESSAGE] &5[&9FeatherBoard&5] &eUnable to load placeholders 'townychat'. Plugin TownyChat not found!
27/06/2018 15:23:37 [WARNING] Deleting placeholder bundle: towny.jar
27/06/2018 15:23:37 [INFO] Loading event hook: Towny Town ...
27/06/2018 15:23:37 [INFO] Enabling event hook: Towny Town!
27/06/2018 15:23:37 [INFO] Enabling event hook: Towny Town!
27/06/2018 15:23:37 [INFO] Loading placeholder [Towny 1.0.1] ...
27/06/2018 15:23:37 [INFO] Loading event hook: Towny Town ...
27/06/2018 15:23:37 [INFO] Loading placeholder [Unicode Characters] ...
27/06/2018 15:23:37 [DEBUG] Loaded placeholder: unicode
27/06/2018 15:23:37 [DEBUG] Loaded placeholder: twitter
27/06/2018 15:23:38 [DEBUG] Loaded placeholder: vanillaevents
27/06/2018 15:23:38 [INFO] Enabling event hook: Vanilla Combat hook!
27/06/2018 15:23:37 [INFO] Loading placeholder [VanillaEvents] ...
27/06/2018 15:23:38 [INFO] Loading event hook: Vanilla Combat hook ...
27/06/2018 15:23:37 [INFO] Loading placeholder [Twitter] ...
27/06/2018 15:23:38 [INFO] Loading event hook: Vanilla Block break hook ...
27/06/2018 15:23:38 [INFO] Loading event hook: Vanilla Block place hook ...
27/06/2018 15:23:38 [INFO] Loading event hook: Vanilla Create portal hook ...
27/06/2018 15:23:38 [INFO] Loading event hook: Vanilla player join ...
27/06/2018 15:23:38 [INFO] Enabling event hook: Vanilla Combat hook!
27/06/2018 15:23:38 [INFO] Loading event hook: Vanilla Death hook ...
27/06/2018 15:23:38 [INFO] Loading event hook: Vanilla Combat hook ...
27/06/2018 15:23:38 [INFO] Loading event hook: Vanilla player rejoin ...
27/06/2018 15:23:38 [INFO] Loading event hook: Vanilla player first join ...
27/06/2018 15:23:38 [INFO] Loading event hook: Vanilla Block break hook ...
27/06/2018 15:23:38 [INFO] Loading event hook: Vanilla Block place hook ...
27/06/2018 15:23:38 [INFO] Loading event hook: Vanilla Create portal hook ...
27/06/2018 15:23:38 [INFO] Loading placeholder [World] ...
27/06/2018 15:23:38 [INFO] Loading event hook: Vanilla player join ...
27/06/2018 15:23:38 [INFO] Loading event hook: Vanilla Death hook ...
27/06/2018 15:23:38 [DEBUG] Loaded placeholder: voteparty
27/06/2018 15:23:38 [INFO] Loading placeholder [WorldGuard] ...
27/06/2018 15:23:38 [INFO] Loading placeholder [VoteParty] ...
27/06/2018 15:23:38 [DEBUG] Loaded placeholder: world
27/06/2018 15:23:38 [INFO] Loading event hook: Vanilla player first join ...
27/06/2018 15:23:38 [INFO] Loading event hook: Vanilla player rejoin ...
27/06/2018 15:23:38 [DEBUG] Loaded placeholder: worldborder
27/06/2018 15:23:38 [DEBUG] Loaded placeholder: worldguard
27/06/2018 15:23:38 [INFO] Loading event hook: WorldGuard Region ...
27/06/2018 15:23:38 [INFO] Loading event hook: WorldGuard Region ...
27/06/2018 15:23:38 [INFO] Loading placeholder [WorldBorder] ...
27/06/2018 15:23:38 [DEBUG] Loaded placeholder: mcmmo
27/06/2018 15:23:38 [INFO] Loading event hook: mcMMO Party Level up ...
27/06/2018 15:23:38 [INFO] Loading placeholder [mcMMO] ...
27/06/2018 15:23:38 [INFO] Loading event hook: mcMMO Level down event ...
27/06/2018 15:23:38 [INFO] Loading event hook: mcMMO Party Level up ...
27/06/2018 15:23:38 [INFO] Loading event hook: mcMMO Level up event ...
27/06/2018 15:23:38 [INFO] Enabling event hook: mcMMO Level up event!
27/06/2018 15:23:38 [INFO] Creating new custom effect: example1
27/06/2018 15:23:38 [INFO] Loading custom effect 'example2' ...
27/06/2018 15:23:38 [INFO] Loading event hook: mcMMO Level down event ...
27/06/2018 15:23:38 [INFO] Checking for placeholder updates ...
27/06/2018 15:23:38 [INFO] Loaded 3331 of the 3331 placholders
27/06/2018 15:23:38 [INFO] Loading custom effect 'example1' ...
27/06/2018 15:23:38 [INFO] Loading custom effect 'example3' ...
27/06/2018 15:23:38 [INFO] Creating new custom effect: example3
27/06/2018 15:23:38 [INFO] Creating new custom effect: example2
27/06/2018 15:23:38 [DEBUG]  - Server supports Objective entries
27/06/2018 15:23:38 [INFO] Loading event hook: mcMMO Level up event ...
27/06/2018 15:23:38 [DEBUG]  - Server supports Team entries
27/06/2018 15:23:38 [DEBUG]  - Server supports Team prefix/suffix
27/06/2018 15:23:38 [DEBUG] Using SCOREBOARD v7
27/06/2018 15:23:38 [INFO] Using OPTIMAL as the update strategy
27/06/2018 15:23:38 [DEBUG] 	Line: title Static: false
27/06/2018 15:23:38 [INFO] Loading scoreboard 'benchmark' ...
27/06/2018 15:23:38 [DEBUG] 	Line: line3 Static: false
27/06/2018 15:23:39 [DEBUG] 	Line: line6 Static: false
27/06/2018 15:23:38 [DEBUG] 	Line: line2 Static: false
27/06/2018 15:23:38 [DEBUG]  - Server supports Team color
27/06/2018 15:23:38 [INFO] Enabling event hook: mcMMO Level up event!
27/06/2018 15:23:39 [DEBUG] 	Line: line8 Static: false
27/06/2018 15:23:39 [DEBUG] 	Line: line5 Static: false
27/06/2018 15:23:39 [DEBUG] 	Line: line9 Static: false
27/06/2018 15:23:38 [DEBUG] 	Line: line4 Static: false
27/06/2018 15:23:38 [DEBUG] 	Line: line1 Static: false
27/06/2018 15:23:39 [DEBUG] 	Line: line10 Static: false
27/06/2018 15:23:39 [DEBUG] 	Line: line11 Static: false
27/06/2018 15:23:39 [DEBUG] 	Line: line13 Static: false
27/06/2018 15:23:39 [DEBUG] 	Line: line12 Static: false
27/06/2018 15:23:39 [DEBUG] 	Line: line14 Static: false
27/06/2018 15:23:39 [DEBUG] 	Line: line15 Static: false
27/06/2018 15:23:39 [INFO] Loading scoreboard 'default' ...
27/06/2018 15:23:39 [INFO] Loading scoreboard 'combat-scoreboard-example' ...
27/06/2018 15:23:39 [DEBUG] 	Line: title Static: false
27/06/2018 15:23:39 [DEBUG] 	Line: header Static: true
27/06/2018 15:23:39 [DEBUG] 	Line: line7 Static: false
27/06/2018 15:23:39 [DEBUG] 	Line: combat-label Static: true
27/06/2018 15:23:39 [DEBUG] 	Line: combat-data Static: false
27/06/2018 15:23:39 [DEBUG] 	Line: spacer1 Static: false
27/06/2018 15:23:39 [DEBUG] 	Line: health-label Static: true
27/06/2018 15:23:39 [DEBUG] 	Line: health-data-1 Static: false
27/06/2018 15:23:39 [DEBUG] 	Line: title Static: false
27/06/2018 15:23:39 [DEBUG] 	Line: header Static: false
27/06/2018 15:23:39 [DEBUG] 	Line: player-label Static: true
27/06/2018 15:23:39 [DEBUG] 	Line: player-line1 Static: false
27/06/2018 15:23:39 [DEBUG] 	Line: news Static: false
27/06/2018 15:23:39 [DEBUG] 	Line: footer Static: true
27/06/2018 15:23:39 [DEBUG] 	Line: news-info Static: true
27/06/2018 15:23:39 [DEBUG] 	Line: timesplayed-label Static: false
27/06/2018 15:23:39 [DEBUG] 	Line: spacer1 Static: false
27/06/2018 15:23:39 [DEBUG] 	Line: health-data-2 Static: false
27/06/2018 15:23:39 [DEBUG] 	Line: spacer2 Static: false
27/06/2018 15:23:39 [DEBUG] 	Line: timesplayed Static: false
27/06/2018 15:23:39 [DEBUG] 	Line: spacer3 Static: false
27/06/2018 15:23:39 [DEBUG] 	Line: server-label Static: true
27/06/2018 15:23:39 [DEBUG] 	Line: server-line1 Static: false
27/06/2018 15:23:39 [INFO] Loading scoreboard 'mcmmo-levelup' ...
27/06/2018 15:23:39 [DEBUG] 	Line: skilllevel-label Static: true
27/06/2018 15:23:39 [DEBUG] 	Line: title Static: false
27/06/2018 15:23:39 [DEBUG] 	Line: footer Static: true
27/06/2018 15:23:39 [DEBUG] 	Line: info-label Static: false
27/06/2018 15:23:39 [INFO] Loading scoreboard 'towny-town-example' ...
27/06/2018 15:23:39 [DEBUG] 	Line: header Static: true
27/06/2018 15:23:39 [DEBUG] 	Line: skill-label Static: true
27/06/2018 15:23:39 [DEBUG] 	Line: skill Static: false
27/06/2018 15:23:39 [DEBUG] 	Line: spacer1 Static: true
27/06/2018 15:23:39 [DEBUG] 	Line: skilllevel Static: false
27/06/2018 15:23:39 [DEBUG] 	Line: spacer2 Static: true
27/06/2018 15:23:39 [DEBUG] 	Line: player-line2 Static: false
27/06/2018 15:23:39 [DEBUG] 	Line: title Static: false
27/06/2018 15:23:39 [DEBUG] 	Line: header Static: true
27/06/2018 15:23:39 [DEBUG] 	Line: town-label Static: true
27/06/2018 15:23:39 [DEBUG] 	Line: spacer1 Static: false
27/06/2018 15:23:40 [MESSAGE] &5[&9FeatherBoard&5] &aYour version is up to date!
27/06/2018 15:23:39 [DEBUG] 	Line: townboard-label Static: true
27/06/2018 15:23:40 [DEBUG] 	Adding sub command 'toggle'
27/06/2018 15:23:39 [DEBUG] 	Line: town-data Static: false
27/06/2018 15:23:39 [DEBUG] 	Line: townboard Static: false
27/06/2018 15:23:39 [DEBUG] 	Line: population-label Static: true
27/06/2018 15:23:39 [DEBUG] 	Line: poplulation-data Static: false
27/06/2018 15:23:39 [DEBUG] 	Line: spacer2 Static: false
27/06/2018 15:23:39 [DEBUG] Scoreboards groups sorted by priority:
27/06/2018 15:23:39 [DEBUG] 	Line: footer Static: true
27/06/2018 15:23:39 [DEBUG] 	benchmark - 0
27/06/2018 15:23:39 [DEBUG] 	combat-scoreboard-example - 0
27/06/2018 15:23:39 [DEBUG] 	mcmmo-levelup - 0
27/06/2018 15:23:39 [DEBUG] 	default - 10
27/06/2018 15:23:39 [INFO] Added 'PERMISSION' as the default scoreboard assign method
27/06/2018 15:23:39 [DEBUG] 	towny-town-example - 0
27/06/2018 15:23:39 [INFO] Generating metrics information ...
27/06/2018 15:23:40 [INFO] Toggle persistence is disabled!
27/06/2018 15:23:40 [DEBUG] 	Adding sub command 'debug'
27/06/2018 15:23:40 [INFO] Adding command 'featherboard'
27/06/2018 15:23:40 [DEBUG] 	Adding sub command 'permissions'
27/06/2018 15:23:40 [DEBUG] 	Adding sub command 'off'
27/06/2018 15:23:40 [DEBUG] 	Adding sub command 'gui'
27/06/2018 15:23:40 [DEBUG] 	Adding sub command 'help'
27/06/2018 15:23:40 [DEBUG] 	Adding sub command 'reload'
27/06/2018 15:23:40 [DEBUG] 	Adding sub command 'about'
27/06/2018 15:23:40 [DEBUG] 	Adding sub command 'generatebbcode'
27/06/2018 15:23:40 [DEBUG] 	Adding sub command 'reload'
27/06/2018 15:23:40 [DEBUG] 	Adding sub command 'parse'
27/06/2018 15:23:40 [DEBUG] 	Adding sub command 'show'
27/06/2018 15:23:40 [DEBUG] 	Adding sub command 'on'
27/06/2018 15:23:40 [DEBUG] 	Adding sub command 'createscoreboard'
27/06/2018 15:23:40 [DEBUG] Refreshing group 'default' for new custom placeholder 'crazycrates_me.badbones69.crazycrates.api.objects.crate@6521949c'
27/06/2018 15:23:40 [DEBUG] 	Adding sub command 'info'
27/06/2018 15:23:40 [DEBUG] 	Adding sub command 'module'
27/06/2018 15:23:40 [DEBUG] 	Adding sub command 'remove'
27/06/2018 15:23:40 [DEBUG] 	Adding sub command 'add'
27/06/2018 15:23:40 [DEBUG] 	Adding sub command 'hide'
27/06/2018 15:23:40 [DEBUG] Refreshing group 'combat-scoreboard-example' for new custom placeholder 'crazycrates_me.badbones69.crazycrates.api.objects.crate@6521949c'
27/06/2018 15:23:40 [DEBUG] Refreshing group 'mcmmo-levelup' for new custom placeholder 'crazycrates_me.badbones69.crazycrates.api.objects.crate@44a433fb'
27/06/2018 15:23:40 [DEBUG] Refreshing group 'combat-scoreboard-example' for new custom placeholder 'crazycrates_me.badbones69.crazycrates.api.objects.crate@44a433fb'
27/06/2018 15:23:40 [DEBUG] Refreshing group 'default' for new custom placeholder 'crazycrates_me.badbones69.crazycrates.api.objects.crate@25abf6b4'
27/06/2018 15:23:40 [DEBUG] Refreshing group 'benchmark' for new custom placeholder 'crazycrates_me.badbones69.crazycrates.api.objects.crate@44a433fb'
27/06/2018 15:23:40 [DEBUG] Refreshing group 'towny-town-example' for new custom placeholder 'crazycrates_me.badbones69.crazycrates.api.objects.crate@6521949c'
27/06/2018 15:23:40 [DEBUG] Refreshing group 'default' for new custom placeholder 'crazycrates_me.badbones69.crazycrates.api.objects.crate@44a433fb'
27/06/2018 15:23:40 [DEBUG] Refreshing group 'benchmark' for new custom placeholder 'crazycrates_me.badbones69.crazycrates.api.objects.crate@25abf6b4'
27/06/2018 15:23:40 [DEBUG] Refreshing group 'mcmmo-levelup' for new custom placeholder 'crazycrates_me.badbones69.crazycrates.api.objects.crate@25abf6b4'
27/06/2018 15:23:40 [DEBUG] Refreshing group 'default' for new custom placeholder 'crazycrates_me.badbones69.crazycrates.api.objects.crate@498235a8'
27/06/2018 15:23:40 [DEBUG] Refreshing group 'benchmark' for new custom placeholder 'crazycrates_me.badbones69.crazycrates.api.objects.crate@498235a8'
27/06/2018 15:23:40 [DEBUG] Refreshing group 'towny-town-example' for new custom placeholder 'crazycrates_me.badbones69.crazycrates.api.objects.crate@44a433fb'
27/06/2018 15:23:40 [DEBUG] Refreshing group 'combat-scoreboard-example' for new custom placeholder 'crazycrates_me.badbones69.crazycrates.api.objects.crate@25abf6b4'
27/06/2018 15:23:40 [DEBUG] Refreshing group 'towny-town-example' for new custom placeholder 'crazycrates_me.badbones69.crazycrates.api.objects.crate@25abf6b4'
27/06/2018 15:23:40 [DEBUG] Refreshing group 'combat-scoreboard-example' for new custom placeholder 'crazycrates_me.badbones69.crazycrates.api.objects.crate@498235a8'
27/06/2018 15:23:40 [DEBUG] Refreshing group 'towny-town-example' for new custom placeholder 'crazycrates_me.badbones69.crazycrates.api.objects.crate@498235a8'
27/06/2018 15:23:40 [DEBUG] Refreshing group 'benchmark' for new custom placeholder 'crazycrates_me.badbones69.crazycrates.api.objects.crate@6521949c'
27/06/2018 15:23:40 [DEBUG] Refreshing group 'mcmmo-levelup' for new custom placeholder 'crazycrates_me.badbones69.crazycrates.api.objects.crate@498235a8'
27/06/2018 15:23:40 [DEBUG] 	Adding sub command 'placeholders'
27/06/2018 15:23:40 [DEBUG] 	Adding sub command 'removescoreboard'
27/06/2018 15:23:40 [DEBUG] 	Adding sub command 'modules'
27/06/2018 15:23:40 [DEBUG] 	Adding sub command 'editsetting'
27/06/2018 15:23:40 [DEBUG] Refreshing group 'mcmmo-levelup' for new custom placeholder 'crazycrates_me.badbones69.crazycrates.api.objects.crate@6521949c'
27/06/2018 15:24:10 [INFO] Fetching modules from server ...
27/06/2018 15:24:10 [INFO] Checking for module updates ...
