28/06/2018 23:31:32 [INFO] Loading messages ...
28/06/2018 23:31:32 [INFO] Loading placeholders and event triggers ...
28/06/2018 23:31:32 [INFO] Loading language file: lang_en
28/06/2018 23:31:32 [INFO] Loading internal placeholders ...
28/06/2018 23:31:32 [DEBUG] Loaded placeholder: MySQL
28/06/2018 23:31:32 [DEBUG] Loaded placeholder: CustomPlaceholders
28/06/2018 23:31:33 [DEBUG] Loaded placeholder: armor
28/06/2018 23:31:33 [INFO] Loading placeholder [Armor] ...
28/06/2018 23:31:32 [INFO] Fetching available placeholders from server ...
28/06/2018 23:31:33 [DEBUG] Loaded placeholder: bukkit
28/06/2018 23:31:33 [INFO] Loading placeholder [BungeeCord] ...
28/06/2018 23:31:33 [DEBUG] Loaded placeholder: bungeecord
28/06/2018 23:31:33 [INFO] Loading placeholder [ChatReaction] ...
28/06/2018 23:31:33 [INFO] Loading placeholder [Bukkit] ...
28/06/2018 23:31:33 [INFO] Loading event hook: ChatReaction start event ...
28/06/2018 23:31:33 [INFO] Loading event hook: ChatReaction start event ...
28/06/2018 23:31:33 [INFO] Loading placeholder [Color] ...
28/06/2018 23:31:33 [DEBUG] Loaded placeholder: chatreaction
28/06/2018 23:31:33 [DEBUG] Loaded placeholder: command
28/06/2018 23:31:33 [INFO] Loading placeholder [CommandPlaceholderPack] ...
28/06/2018 23:31:33 [DEBUG] Loaded placeholder: color
28/06/2018 23:31:33 [DEBUG] Loaded placeholder: compass
28/06/2018 23:31:33 [INFO] Loading placeholder [CustomList] ...
28/06/2018 23:31:33 [DEBUG] Loaded placeholder: customlist
28/06/2018 23:31:33 [DEBUG] Loaded placeholder: economy
28/06/2018 23:31:33 [INFO] Loading placeholder [Economy] ...
28/06/2018 23:31:33 [INFO] Loading placeholder [DeluxeTags] ...
28/06/2018 23:31:33 [DEBUG] Loaded placeholder: playereffects
28/06/2018 23:31:33 [INFO] Loading placeholder [Effects] ...
28/06/2018 23:31:33 [DEBUG] Loaded placeholder: deluxetags
28/06/2018 23:31:33 [INFO] Loading placeholder [Compass placeholders] ...
28/06/2018 23:31:33 [DEBUG] Loaded placeholder: essentials
28/06/2018 23:31:33 [INFO] Loading placeholder [Essentials] ...
28/06/2018 23:31:34 [DEBUG] Loaded placeholder: facebook
28/06/2018 23:31:34 [DEBUG] Loaded placeholder: firework
28/06/2018 23:31:34 [INFO] Loading placeholder [Geographical] ...
28/06/2018 23:31:33 [INFO] Loading placeholder [Entities] ...
28/06/2018 23:31:34 [INFO] Loading placeholder [FireworkEffect] ...
28/06/2018 23:31:35 [INFO] Loading placeholder [Hotbar] ...
28/06/2018 23:31:35 [DEBUG] Loaded placeholder: hotbar
28/06/2018 23:31:35 [DEBUG] Loaded placeholder: java
28/06/2018 23:31:35 [DEBUG] Loaded placeholder: jobsreborn
28/06/2018 23:31:35 [INFO] Loading placeholder [JobsReborn] ...
28/06/2018 23:31:35 [DEBUG] Loaded placeholder: geographical
28/06/2018 23:31:35 [INFO] Loading placeholder [LWC] ...
28/06/2018 23:31:35 [INFO] Loading placeholder [JavaInfo] ...
28/06/2018 23:31:33 [INFO] Loading placeholder [Facebook] ...
28/06/2018 23:31:35 [INFO] Loading placeholder [LeaderHeads] ...
28/06/2018 23:31:35 [DEBUG] Loaded placeholder: libsdisguises
28/06/2018 23:31:35 [INFO] Loading placeholder [LibsDisguises] ...
28/06/2018 23:31:35 [DEBUG] Loaded placeholder: leaderheads
28/06/2018 23:31:35 [INFO] Loading placeholder [Marriage] ...
28/06/2018 23:31:35 [DEBUG] Loaded placeholder: memory
28/06/2018 23:31:35 [INFO] Loading placeholder [Memory] ...
28/06/2018 23:31:35 [DEBUG] Loaded placeholder: marriage
28/06/2018 23:31:33 [DEBUG] Loaded placeholder: entities
28/06/2018 23:31:35 [INFO] Loading placeholder [Multiverse-Core] ...
28/06/2018 23:31:35 [INFO] Loading placeholder [Permissions] ...
28/06/2018 23:31:35 [DEBUG] Loaded placeholder: permissions
28/06/2018 23:31:35 [INFO] Loading placeholder [PlaceholderAPI] ...
28/06/2018 23:31:35 [DEBUG] Loaded placeholder: placeholderapi
28/06/2018 23:31:35 [INFO] Loading placeholder [Previous Names] ...
28/06/2018 23:31:35 [INFO] Loading placeholder [Player] ...
28/06/2018 23:31:35 [DEBUG] Loaded placeholder: previousnames
28/06/2018 23:31:35 [INFO] Loading placeholder [Quests] ...
28/06/2018 23:31:35 [DEBUG] Loaded placeholder: player
28/06/2018 23:31:35 [DEBUG] Loaded placeholder: quests
28/06/2018 23:31:35 [DEBUG] Loaded placeholder: redisbungee
28/06/2018 23:31:35 [INFO] Loading placeholder [ServerPinger] ...
28/06/2018 23:31:35 [DEBUG] Loaded placeholder: serverpinger
28/06/2018 23:31:35 [DEBUG] Loaded placeholder: sound
28/06/2018 23:31:35 [INFO] Loading placeholder [Sound Effects] ...
28/06/2018 23:31:35 [INFO] Loading placeholder [TicksPerSecond] ...
28/06/2018 23:31:35 [INFO] Loading placeholder [Statistics] ...
28/06/2018 23:31:35 [DEBUG] Loaded placeholder: multiverse
28/06/2018 23:31:35 [INFO] Loading placeholder [Towny] ...
28/06/2018 23:31:35 [DEBUG] Loaded placeholder: statistics
28/06/2018 23:31:35 [INFO] Loading event hook: Towny Town ...
28/06/2018 23:31:35 [DEBUG] Loaded placeholder: townychat
28/06/2018 23:31:35 [INFO] Enabling event hook: Towny Town!
28/06/2018 23:31:35 [INFO] Loading event hook: Towny Town ...
28/06/2018 23:31:35 [INFO] Enabling event hook: Towny Town!
28/06/2018 23:31:35 [INFO] Loading placeholder [Twitter] ...
28/06/2018 23:31:36 [DEBUG] Loaded placeholder: twitter
28/06/2018 23:31:36 [INFO] Loading placeholder [VanillaEvents] ...
28/06/2018 23:31:36 [INFO] Loading placeholder [Unicode Characters] ...
28/06/2018 23:31:36 [DEBUG] Loaded placeholder: vanillaevents
28/06/2018 23:31:36 [INFO] Loading event hook: Vanilla Combat hook ...
28/06/2018 23:31:36 [INFO] Enabling event hook: Vanilla Combat hook!
28/06/2018 23:31:35 [DEBUG] Loaded placeholder: tickspersecond
28/06/2018 23:31:36 [INFO] Loading event hook: Vanilla Block break hook ...
28/06/2018 23:31:35 [DEBUG] Loaded placeholder: towny
28/06/2018 23:31:36 [DEBUG] Loaded placeholder: unicode
28/06/2018 23:31:35 [DEBUG] Loaded placeholder: lwc
28/06/2018 23:31:35 [INFO] Loading placeholder [RedisBungee] ...
28/06/2018 23:31:36 [INFO] Loading event hook: Vanilla player join ...
28/06/2018 23:31:36 [INFO] Loading event hook: Vanilla Create portal hook ...
28/06/2018 23:31:36 [INFO] Loading event hook: Vanilla player first join ...
28/06/2018 23:31:36 [INFO] Loading event hook: Vanilla Combat hook ...
28/06/2018 23:31:36 [INFO] Loading event hook: Vanilla Block place hook ...
28/06/2018 23:31:36 [INFO] Loading event hook: Vanilla player rejoin ...
28/06/2018 23:31:36 [INFO] Loading event hook: Vanilla player join ...
28/06/2018 23:31:36 [INFO] Loading event hook: Vanilla Death hook ...
28/06/2018 23:31:36 [INFO] Loading event hook: Vanilla player first join ...
28/06/2018 23:31:36 [DEBUG] Loaded placeholder: voteparty
28/06/2018 23:31:36 [DEBUG] Loaded placeholder: world
28/06/2018 23:31:36 [DEBUG] Loaded placeholder: worldborder
28/06/2018 23:31:36 [INFO] Loading placeholder [WorldBorder] ...
28/06/2018 23:31:36 [INFO] Loading placeholder [WorldGuard] ...
28/06/2018 23:31:36 [INFO] Loading event hook: Vanilla Create portal hook ...
28/06/2018 23:31:36 [DEBUG] Loaded placeholder: worldguard
28/06/2018 23:31:36 [INFO] Loading placeholder [World] ...
28/06/2018 23:31:36 [INFO] Loading event hook: Vanilla Block place hook ...
28/06/2018 23:31:36 [INFO] Loading event hook: Vanilla Death hook ...
28/06/2018 23:31:36 [INFO] Enabling event hook: Vanilla Combat hook!
28/06/2018 23:31:36 [INFO] Loading event hook: Vanilla Block break hook ...
28/06/2018 23:31:36 [INFO] Loading event hook: Vanilla player rejoin ...
28/06/2018 23:31:36 [INFO] Loading placeholder [mcMMO] ...
28/06/2018 23:31:36 [INFO] Loading event hook: mcMMO Level down event ...
28/06/2018 23:31:36 [INFO] Loading event hook: mcMMO Party Level up ...
28/06/2018 23:31:36 [INFO] Checking for placeholder updates ...
28/06/2018 23:31:36 [INFO] Loading event hook: mcMMO Level down event ...
28/06/2018 23:31:36 [INFO] Enabling event hook: mcMMO Level up event!
28/06/2018 23:31:36 [INFO] Enabling event hook: mcMMO Level up event!
28/06/2018 23:31:36 [INFO] Loaded 3373 of the 3373 placholders
28/06/2018 23:31:36 [INFO] Loading event hook: mcMMO Level up event ...
28/06/2018 23:31:36 [DEBUG] Loaded placeholder: mcmmo
28/06/2018 23:31:37 [INFO] Loading custom effect 'example3' ...
28/06/2018 23:31:37 [INFO] Creating new custom effect: example2
28/06/2018 23:31:37 [INFO] Loading custom effect 'example2' ...
28/06/2018 23:31:37 [DEBUG]  - Server supports Team entries
28/06/2018 23:31:37 [DEBUG]  - Server supports Team color
28/06/2018 23:31:37 [DEBUG] Using SCOREBOARD v7
28/06/2018 23:31:36 [INFO] Loading placeholder [VoteParty] ...
28/06/2018 23:31:36 [INFO] Loading event hook: mcMMO Party Level up ...
28/06/2018 23:31:37 [INFO] Creating new custom effect: example1
28/06/2018 23:31:37 [DEBUG]  - Server supports Objective entries
28/06/2018 23:31:36 [INFO] Loading event hook: mcMMO Level up event ...
28/06/2018 23:31:37 [DEBUG]  - Server supports Team prefix/suffix
28/06/2018 23:31:37 [INFO] Loading custom effect 'example1' ...
28/06/2018 23:31:36 [INFO] Loading event hook: WorldGuard Region ...
28/06/2018 23:31:37 [INFO] Creating new custom effect: example3
28/06/2018 23:31:36 [INFO] Loading event hook: WorldGuard Region ...
28/06/2018 23:31:38 [DEBUG] 	Line: title Static: false
28/06/2018 23:31:38 [DEBUG] 	Line: combat-label Static: true
28/06/2018 23:31:38 [DEBUG] 	Line: health-label Static: true
28/06/2018 23:31:38 [INFO] Loading scoreboard 'combat-scoreboard-example' ...
28/06/2018 23:31:38 [DEBUG] 	Line: spacer1 Static: false
28/06/2018 23:31:38 [DEBUG] 	Line: health-data-1 Static: false
28/06/2018 23:31:38 [DEBUG] 	Line: footer Static: true
28/06/2018 23:31:38 [DEBUG] 	Line: title Static: false
28/06/2018 23:31:38 [DEBUG] 	Line: header Static: true
28/06/2018 23:31:38 [DEBUG] 	Line: health-data-2 Static: false
28/06/2018 23:31:38 [DEBUG] 	Line: info-label Static: false
28/06/2018 23:31:38 [DEBUG] 	Line: spacer1 Static: true
28/06/2018 23:31:38 [DEBUG] 	Line: skill Static: false
28/06/2018 23:31:38 [DEBUG] 	Line: spacer2 Static: true
28/06/2018 23:31:38 [DEBUG] 	Line: skilllevel-label Static: true
28/06/2018 23:31:38 [DEBUG] 	Line: skill-label Static: true
28/06/2018 23:31:38 [DEBUG] 	Line: footer Static: true
28/06/2018 23:31:38 [INFO] Loading scoreboard 'default' ...
28/06/2018 23:31:38 [DEBUG] 	Line: title Static: false
28/06/2018 23:31:39 [DEBUG] 	Line: header Static: false
28/06/2018 23:31:38 [DEBUG] 	Line: skilllevel Static: false
28/06/2018 23:31:39 [DEBUG] 	Line: player-line1 Static: false
28/06/2018 23:31:39 [DEBUG] 	Line: player-line2 Static: false
28/06/2018 23:31:38 [INFO] Loading scoreboard 'mcmmo-levelup' ...
28/06/2018 23:31:39 [DEBUG] 	Line: spacer1 Static: false
28/06/2018 23:31:39 [DEBUG] 	Line: news-info Static: true
28/06/2018 23:31:39 [DEBUG] 	Line: news Static: false
28/06/2018 23:31:39 [DEBUG] 	Line: timesplayed-label Static: false
28/06/2018 23:31:39 [DEBUG] 	Line: spacer3 Static: false
28/06/2018 23:31:39 [DEBUG] 	Line: timesplayed Static: false
28/06/2018 23:31:39 [DEBUG] 	Line: server-label Static: true
28/06/2018 23:31:39 [DEBUG] 	Line: server-line1 Static: false
28/06/2018 23:31:39 [DEBUG] 	Line: player-label Static: true
28/06/2018 23:31:39 [DEBUG] 	Line: header Static: true
28/06/2018 23:31:39 [DEBUG] 	Line: title Static: false
28/06/2018 23:31:39 [DEBUG] 	Line: town-data Static: false
28/06/2018 23:31:39 [DEBUG] 	Line: town-label Static: true
28/06/2018 23:31:39 [DEBUG] 	Line: spacer1 Static: false
28/06/2018 23:31:38 [DEBUG] 	Line: combat-data Static: false
28/06/2018 23:31:39 [DEBUG] 	Line: townboard-label Static: true
28/06/2018 23:31:39 [DEBUG] 	Line: spacer2 Static: false
28/06/2018 23:31:39 [DEBUG] 	Line: population-label Static: true
28/06/2018 23:31:39 [DEBUG] 	Line: poplulation-data Static: false
28/06/2018 23:31:39 [DEBUG] 	Line: townboard Static: false
28/06/2018 23:31:39 [INFO] Loading scoreboard 'benchmark' ...
28/06/2018 23:31:39 [DEBUG] 	Line: title Static: false
28/06/2018 23:31:39 [DEBUG] 	Line: line1 Static: false
28/06/2018 23:31:39 [DEBUG] 	Line: footer Static: true
28/06/2018 23:31:39 [INFO] Loading scoreboard 'towny-town-example' ...
28/06/2018 23:31:39 [DEBUG] 	Line: line3 Static: false
28/06/2018 23:31:39 [DEBUG] 	Line: line2 Static: false
28/06/2018 23:31:39 [DEBUG] 	Line: line4 Static: false
28/06/2018 23:31:39 [DEBUG] 	Line: line5 Static: false
28/06/2018 23:31:39 [DEBUG] 	Line: line7 Static: false
28/06/2018 23:31:39 [DEBUG] 	Line: line6 Static: false
28/06/2018 23:31:39 [DEBUG] 	Line: line8 Static: false
28/06/2018 23:31:39 [DEBUG] 	Line: line9 Static: false
28/06/2018 23:31:38 [DEBUG] 	Line: header Static: true
28/06/2018 23:31:38 [INFO] Using OPTIMAL as the update strategy
28/06/2018 23:31:39 [DEBUG] 	Line: spacer2 Static: false
28/06/2018 23:31:39 [DEBUG] 	Line: line11 Static: false
28/06/2018 23:31:39 [DEBUG] 	Line: line14 Static: false
28/06/2018 23:31:39 [DEBUG] 	Line: line13 Static: false
28/06/2018 23:31:39 [DEBUG] 	Line: line10 Static: false
28/06/2018 23:31:39 [DEBUG] 	Line: line15 Static: false
28/06/2018 23:31:39 [DEBUG] Scoreboards groups sorted by priority:
28/06/2018 23:31:39 [DEBUG] 	combat-scoreboard-example - 0
28/06/2018 23:31:39 [DEBUG] 	default - 10
28/06/2018 23:31:39 [DEBUG] 	mcmmo-levelup - 0
28/06/2018 23:31:39 [DEBUG] 	Line: line12 Static: false
28/06/2018 23:31:39 [DEBUG] 	towny-town-example - 0
28/06/2018 23:31:39 [INFO] Added 'PERMISSION' as the default scoreboard assign method
28/06/2018 23:31:39 [INFO] Generating metrics information ...
28/06/2018 23:31:39 [DEBUG] 	benchmark - 0
28/06/2018 23:31:40 [MESSAGE] &5[&9FeatherBoard&5] &aYour version is up to date!
28/06/2018 23:31:40 [INFO] Toggle persistence is disabled!
28/06/2018 23:31:40 [INFO] Adding command 'featherboard'
28/06/2018 23:31:40 [DEBUG] 	Adding sub command 'toggle'
28/06/2018 23:31:40 [DEBUG] 	Adding sub command 'on'
28/06/2018 23:31:40 [DEBUG] 	Adding sub command 'gui'
28/06/2018 23:31:40 [DEBUG] 	Adding sub command 'off'
28/06/2018 23:31:40 [DEBUG] 	Adding sub command 'placeholders'
28/06/2018 23:31:40 [DEBUG] 	Adding sub command 'debug'
28/06/2018 23:31:40 [DEBUG] 	Adding sub command 'reload'
28/06/2018 23:31:40 [DEBUG] 	Adding sub command 'permissions'
28/06/2018 23:31:40 [DEBUG] 	Adding sub command 'reload'
28/06/2018 23:31:40 [DEBUG] 	Adding sub command 'help'
28/06/2018 23:31:40 [DEBUG] 	Adding sub command 'about'
28/06/2018 23:31:40 [DEBUG] 	Adding sub command 'generatebbcode'
28/06/2018 23:31:40 [DEBUG] 	Adding sub command 'parse'
28/06/2018 23:31:40 [DEBUG] 	Adding sub command 'hide'
28/06/2018 23:31:40 [DEBUG] 	Adding sub command 'show'
28/06/2018 23:31:40 [DEBUG] 	Adding sub command 'editsetting'
28/06/2018 23:31:40 [DEBUG] 	Adding sub command 'createscoreboard'
28/06/2018 23:31:40 [DEBUG] 	Adding sub command 'removescoreboard'
28/06/2018 23:31:40 [DEBUG] 	Adding sub command 'modules'
28/06/2018 23:31:40 [DEBUG] 	Adding sub command 'info'
28/06/2018 23:31:40 [DEBUG] 	Adding sub command 'remove'
28/06/2018 23:31:40 [DEBUG] 	Adding sub command 'add'
28/06/2018 23:31:40 [DEBUG] 	Adding sub command 'module'
28/06/2018 23:31:41 [DEBUG] Refreshing group 'default' for new custom placeholder 'crazycrates_me.badbones69.crazycrates.api.objects.crate@3c9d7770'
28/06/2018 23:31:41 [DEBUG] Refreshing group 'combat-scoreboard-example' for new custom placeholder 'crazycrates_me.badbones69.crazycrates.api.objects.crate@3c9d7770'
28/06/2018 23:31:41 [DEBUG] Refreshing group 'mcmmo-levelup' for new custom placeholder 'crazycrates_me.badbones69.crazycrates.api.objects.crate@3c9d7770'
28/06/2018 23:31:41 [DEBUG] Refreshing group 'default' for new custom placeholder 'crazycrates_me.badbones69.crazycrates.api.objects.crate@5356b1d1'
28/06/2018 23:31:41 [DEBUG] Refreshing group 'combat-scoreboard-example' for new custom placeholder 'crazycrates_me.badbones69.crazycrates.api.objects.crate@5356b1d1'
28/06/2018 23:31:41 [DEBUG] Refreshing group 'mcmmo-levelup' for new custom placeholder 'crazycrates_me.badbones69.crazycrates.api.objects.crate@5356b1d1'
28/06/2018 23:31:41 [DEBUG] Refreshing group 'benchmark' for new custom placeholder 'crazycrates_me.badbones69.crazycrates.api.objects.crate@5356b1d1'
28/06/2018 23:31:41 [DEBUG] Refreshing group 'combat-scoreboard-example' for new custom placeholder 'crazycrates_me.badbones69.crazycrates.api.objects.crate@3c4b5598'
28/06/2018 23:31:41 [DEBUG] Refreshing group 'mcmmo-levelup' for new custom placeholder 'crazycrates_me.badbones69.crazycrates.api.objects.crate@3c4b5598'
28/06/2018 23:31:41 [DEBUG] Refreshing group 'towny-town-example' for new custom placeholder 'crazycrates_me.badbones69.crazycrates.api.objects.crate@3c4b5598'
28/06/2018 23:31:41 [DEBUG] Refreshing group 'default' for new custom placeholder 'crazycrates_me.badbones69.crazycrates.api.objects.crate@748e11ff'
28/06/2018 23:31:41 [DEBUG] Refreshing group 'towny-town-example' for new custom placeholder 'crazycrates_me.badbones69.crazycrates.api.objects.crate@5356b1d1'
28/06/2018 23:31:41 [DEBUG] Refreshing group 'mcmmo-levelup' for new custom placeholder 'crazycrates_me.badbones69.crazycrates.api.objects.crate@748e11ff'
28/06/2018 23:31:41 [DEBUG] Refreshing group 'benchmark' for new custom placeholder 'crazycrates_me.badbones69.crazycrates.api.objects.crate@748e11ff'
28/06/2018 23:31:41 [DEBUG] Refreshing group 'towny-town-example' for new custom placeholder 'crazycrates_me.badbones69.crazycrates.api.objects.crate@3c9d7770'
28/06/2018 23:31:41 [DEBUG] Refreshing group 'benchmark' for new custom placeholder 'crazycrates_me.badbones69.crazycrates.api.objects.crate@3c4b5598'
28/06/2018 23:31:41 [DEBUG] Refreshing group 'combat-scoreboard-example' for new custom placeholder 'crazycrates_me.badbones69.crazycrates.api.objects.crate@748e11ff'
28/06/2018 23:31:41 [DEBUG] Refreshing group 'default' for new custom placeholder 'crazycrates_me.badbones69.crazycrates.api.objects.crate@3c4b5598'
28/06/2018 23:31:41 [DEBUG] Refreshing group 'benchmark' for new custom placeholder 'crazycrates_me.badbones69.crazycrates.api.objects.crate@3c9d7770'
28/06/2018 23:31:41 [DEBUG] Refreshing group 'towny-town-example' for new custom placeholder 'crazycrates_me.badbones69.crazycrates.api.objects.crate@748e11ff'
28/06/2018 23:34:28 [INFO] Fetching modules from server ...
28/06/2018 23:34:28 [INFO] Checking for module updates ...
28/06/2018 23:45:24 [DEBUG] Adding 'combat-scoreboard-example' scoreboard override for: ColossusIce
28/06/2018 23:45:24 [DEBUG] Adding 'combat-scoreboard-example' scoreboard override for: ColossusIce
28/06/2018 23:45:34 [DEBUG] Removing 'combat-scoreboard-example' scoreboard override for: ColossusIce
28/06/2018 23:45:34 [DEBUG] Removing 'combat-scoreboard-example' scoreboard override for: ColossusIce
28/06/2018 23:45:38 [DEBUG] Adding 'combat-scoreboard-example' scoreboard override for: ColossusIce
28/06/2018 23:45:38 [DEBUG] Adding 'combat-scoreboard-example' scoreboard override for: ColossusIce
28/06/2018 23:45:46 [DEBUG] Removing 'combat-scoreboard-example' scoreboard override for: ColossusIce
28/06/2018 23:45:46 [DEBUG] Removing 'combat-scoreboard-example' scoreboard override for: ColossusIce
28/06/2018 23:45:49 [DEBUG] Adding 'combat-scoreboard-example' scoreboard override for: ColossusIce
28/06/2018 23:45:49 [DEBUG] Adding 'combat-scoreboard-example' scoreboard override for: ColossusIce
28/06/2018 23:45:54 [DEBUG] Adding 'mcmmo-levelup' scoreboard override for: ColossusIce
28/06/2018 23:45:54 [DEBUG] Adding 'mcmmo-levelup' scoreboard override for: ColossusIce
28/06/2018 23:45:59 [DEBUG] Removing 'mcmmo-levelup' scoreboard override for: ColossusIce
28/06/2018 23:45:59 [DEBUG] Removing 'mcmmo-levelup' scoreboard override for: ColossusIce
28/06/2018 23:46:25 [DEBUG] Removing 'combat-scoreboard-example' scoreboard override for: ColossusIce
28/06/2018 23:46:25 [DEBUG] Removing 'combat-scoreboard-example' scoreboard override for: ColossusIce
28/06/2018 23:46:55 [DEBUG] Adding 'combat-scoreboard-example' scoreboard override for: ColossusIce
28/06/2018 23:46:55 [DEBUG] Adding 'combat-scoreboard-example' scoreboard override for: ColossusIce
28/06/2018 23:47:00 [DEBUG] Removing 'combat-scoreboard-example' scoreboard override for: ColossusIce
28/06/2018 23:47:00 [DEBUG] Removing 'combat-scoreboard-example' scoreboard override for: ColossusIce
28/06/2018 23:47:59 [DEBUG] Adding 'mcmmo-levelup' scoreboard override for: HarukiGrande
28/06/2018 23:47:59 [DEBUG] Adding 'mcmmo-levelup' scoreboard override for: HarukiGrande
28/06/2018 23:48:04 [DEBUG] Removing 'mcmmo-levelup' scoreboard override for: HarukiGrande
28/06/2018 23:48:04 [DEBUG] Removing 'mcmmo-levelup' scoreboard override for: HarukiGrande
28/06/2018 23:50:08 [DEBUG] Adding 'combat-scoreboard-example' scoreboard override for: ColossusIce
28/06/2018 23:50:08 [DEBUG] Adding 'combat-scoreboard-example' scoreboard override for: ColossusIce
28/06/2018 23:50:15 [DEBUG] Removing 'combat-scoreboard-example' scoreboard override for: ColossusIce
28/06/2018 23:50:15 [DEBUG] Removing 'combat-scoreboard-example' scoreboard override for: ColossusIce
28/06/2018 23:50:22 [DEBUG] Adding 'mcmmo-levelup' scoreboard override for: ColossusIce
28/06/2018 23:50:22 [DEBUG] Adding 'mcmmo-levelup' scoreboard override for: ColossusIce
28/06/2018 23:50:27 [DEBUG] Removing 'mcmmo-levelup' scoreboard override for: ColossusIce
28/06/2018 23:50:27 [DEBUG] Removing 'mcmmo-levelup' scoreboard override for: ColossusIce
28/06/2018 23:51:20 [DEBUG] Adding 'mcmmo-levelup' scoreboard override for: ColossusIce
28/06/2018 23:51:20 [DEBUG] Adding 'mcmmo-levelup' scoreboard override for: ColossusIce
28/06/2018 23:51:25 [DEBUG] Removing 'mcmmo-levelup' scoreboard override for: ColossusIce
28/06/2018 23:51:25 [DEBUG] Removing 'mcmmo-levelup' scoreboard override for: ColossusIce
28/06/2018 23:51:28 [DEBUG] Adding 'combat-scoreboard-example' scoreboard override for: ColossusIce
28/06/2018 23:51:28 [DEBUG] Adding 'combat-scoreboard-example' scoreboard override for: ColossusIce
28/06/2018 23:51:32 [DEBUG] Adding 'mcmmo-levelup' scoreboard override for: ColossusIce
28/06/2018 23:51:32 [DEBUG] Adding 'mcmmo-levelup' scoreboard override for: ColossusIce
28/06/2018 23:51:37 [DEBUG] Removing 'mcmmo-levelup' scoreboard override for: ColossusIce
28/06/2018 23:51:37 [DEBUG] Removing 'mcmmo-levelup' scoreboard override for: ColossusIce
28/06/2018 23:51:40 [DEBUG] Removing 'combat-scoreboard-example' scoreboard override for: ColossusIce
28/06/2018 23:51:40 [DEBUG] Removing 'combat-scoreboard-example' scoreboard override for: ColossusIce
28/06/2018 23:52:25 [DEBUG] Adding 'combat-scoreboard-example' scoreboard override for: ColossusIce
28/06/2018 23:52:25 [DEBUG] Adding 'combat-scoreboard-example' scoreboard override for: ColossusIce
28/06/2018 23:52:28 [DEBUG] Adding 'mcmmo-levelup' scoreboard override for: ColossusIce
28/06/2018 23:52:28 [DEBUG] Adding 'mcmmo-levelup' scoreboard override for: ColossusIce
28/06/2018 23:52:33 [DEBUG] Removing 'combat-scoreboard-example' scoreboard override for: ColossusIce
28/06/2018 23:52:33 [DEBUG] Removing 'combat-scoreboard-example' scoreboard override for: ColossusIce
28/06/2018 23:52:33 [DEBUG] Removing 'mcmmo-levelup' scoreboard override for: ColossusIce
28/06/2018 23:52:33 [DEBUG] Removing 'mcmmo-levelup' scoreboard override for: ColossusIce
28/06/2018 23:52:44 [DEBUG] Adding 'combat-scoreboard-example' scoreboard override for: ColossusIce
28/06/2018 23:52:44 [DEBUG] Adding 'combat-scoreboard-example' scoreboard override for: ColossusIce
28/06/2018 23:52:53 [DEBUG] Adding 'mcmmo-levelup' scoreboard override for: ColossusIce
28/06/2018 23:52:53 [DEBUG] Adding 'mcmmo-levelup' scoreboard override for: ColossusIce
28/06/2018 23:52:58 [DEBUG] Removing 'mcmmo-levelup' scoreboard override for: ColossusIce
28/06/2018 23:52:58 [DEBUG] Removing 'mcmmo-levelup' scoreboard override for: ColossusIce
28/06/2018 23:53:06 [DEBUG] Removing 'combat-scoreboard-example' scoreboard override for: ColossusIce
28/06/2018 23:53:06 [DEBUG] Removing 'combat-scoreboard-example' scoreboard override for: ColossusIce
28/06/2018 23:53:22 [DEBUG] Adding 'mcmmo-levelup' scoreboard override for: ColossusIce
28/06/2018 23:53:22 [DEBUG] Adding 'mcmmo-levelup' scoreboard override for: ColossusIce
28/06/2018 23:53:27 [DEBUG] Removing 'mcmmo-levelup' scoreboard override for: ColossusIce
28/06/2018 23:53:27 [DEBUG] Removing 'mcmmo-levelup' scoreboard override for: ColossusIce
28/06/2018 23:54:17 [DEBUG] Adding 'combat-scoreboard-example' scoreboard override for: ColossusIce
28/06/2018 23:54:17 [DEBUG] Adding 'combat-scoreboard-example' scoreboard override for: ColossusIce
28/06/2018 23:54:20 [DEBUG] Adding 'mcmmo-levelup' scoreboard override for: ColossusIce
28/06/2018 23:54:20 [DEBUG] Adding 'mcmmo-levelup' scoreboard override for: ColossusIce
28/06/2018 23:54:25 [DEBUG] Removing 'mcmmo-levelup' scoreboard override for: ColossusIce
28/06/2018 23:54:25 [DEBUG] Removing 'mcmmo-levelup' scoreboard override for: ColossusIce
28/06/2018 23:54:26 [DEBUG] Removing 'combat-scoreboard-example' scoreboard override for: ColossusIce
28/06/2018 23:54:26 [DEBUG] Removing 'combat-scoreboard-example' scoreboard override for: ColossusIce
28/06/2018 23:54:32 [DEBUG] Adding 'combat-scoreboard-example' scoreboard override for: ColossusIce
28/06/2018 23:54:32 [DEBUG] Adding 'combat-scoreboard-example' scoreboard override for: ColossusIce
28/06/2018 23:54:42 [DEBUG] Removing 'combat-scoreboard-example' scoreboard override for: ColossusIce
28/06/2018 23:54:42 [DEBUG] Removing 'combat-scoreboard-example' scoreboard override for: ColossusIce
28/06/2018 23:54:56 [DEBUG] Adding 'combat-scoreboard-example' scoreboard override for: ColossusIce
28/06/2018 23:54:56 [DEBUG] Adding 'combat-scoreboard-example' scoreboard override for: ColossusIce
28/06/2018 23:55:06 [DEBUG] Removing 'combat-scoreboard-example' scoreboard override for: ColossusIce
28/06/2018 23:55:06 [DEBUG] Removing 'combat-scoreboard-example' scoreboard override for: ColossusIce
28/06/2018 23:55:15 [DEBUG] Adding 'mcmmo-levelup' scoreboard override for: HarukiGrande
28/06/2018 23:55:15 [DEBUG] Adding 'mcmmo-levelup' scoreboard override for: HarukiGrande
28/06/2018 23:55:18 [DEBUG] Adding 'combat-scoreboard-example' scoreboard override for: ColossusIce
28/06/2018 23:55:18 [DEBUG] Adding 'combat-scoreboard-example' scoreboard override for: ColossusIce
28/06/2018 23:55:20 [DEBUG] Adding 'mcmmo-levelup' scoreboard override for: ColossusIce
28/06/2018 23:55:20 [DEBUG] Adding 'mcmmo-levelup' scoreboard override for: ColossusIce
28/06/2018 23:55:20 [DEBUG] Removing 'mcmmo-levelup' scoreboard override for: HarukiGrande
28/06/2018 23:55:20 [DEBUG] Removing 'mcmmo-levelup' scoreboard override for: HarukiGrande
28/06/2018 23:55:25 [DEBUG] Removing 'combat-scoreboard-example' scoreboard override for: ColossusIce
28/06/2018 23:55:25 [DEBUG] Removing 'combat-scoreboard-example' scoreboard override for: ColossusIce
28/06/2018 23:55:25 [DEBUG] Removing 'mcmmo-levelup' scoreboard override for: ColossusIce
28/06/2018 23:55:25 [DEBUG] Removing 'mcmmo-levelup' scoreboard override for: ColossusIce
28/06/2018 23:55:30 [DEBUG] Adding 'mcmmo-levelup' scoreboard override for: ColossusIce
28/06/2018 23:55:30 [DEBUG] Adding 'mcmmo-levelup' scoreboard override for: ColossusIce
28/06/2018 23:55:35 [DEBUG] Removing 'mcmmo-levelup' scoreboard override for: ColossusIce
28/06/2018 23:55:35 [DEBUG] Removing 'mcmmo-levelup' scoreboard override for: ColossusIce
28/06/2018 23:56:09 [DEBUG] Adding 'combat-scoreboard-example' scoreboard override for: ColossusIce
28/06/2018 23:56:09 [DEBUG] Adding 'combat-scoreboard-example' scoreboard override for: ColossusIce
28/06/2018 23:56:10 [DEBUG] Adding 'mcmmo-levelup' scoreboard override for: HarukiGrande
28/06/2018 23:56:10 [DEBUG] Adding 'mcmmo-levelup' scoreboard override for: HarukiGrande
28/06/2018 23:56:15 [DEBUG] Removing 'mcmmo-levelup' scoreboard override for: HarukiGrande
28/06/2018 23:56:15 [DEBUG] Removing 'mcmmo-levelup' scoreboard override for: HarukiGrande
28/06/2018 23:56:15 [DEBUG] Removing 'combat-scoreboard-example' scoreboard override for: ColossusIce
28/06/2018 23:56:15 [DEBUG] Removing 'combat-scoreboard-example' scoreboard override for: ColossusIce
28/06/2018 23:56:20 [DEBUG] Adding 'combat-scoreboard-example' scoreboard override for: ColossusIce
28/06/2018 23:56:20 [DEBUG] Adding 'combat-scoreboard-example' scoreboard override for: ColossusIce
28/06/2018 23:56:29 [DEBUG] Removing 'combat-scoreboard-example' scoreboard override for: ColossusIce
28/06/2018 23:56:29 [DEBUG] Removing 'combat-scoreboard-example' scoreboard override for: ColossusIce
28/06/2018 23:57:23 [DEBUG] Adding 'combat-scoreboard-example' scoreboard override for: ColossusIce
28/06/2018 23:57:23 [DEBUG] Adding 'combat-scoreboard-example' scoreboard override for: ColossusIce
28/06/2018 23:57:32 [DEBUG] Adding 'mcmmo-levelup' scoreboard override for: ColossusIce
28/06/2018 23:57:32 [DEBUG] Adding 'mcmmo-levelup' scoreboard override for: ColossusIce
28/06/2018 23:57:37 [DEBUG] Removing 'mcmmo-levelup' scoreboard override for: ColossusIce
28/06/2018 23:57:37 [DEBUG] Removing 'mcmmo-levelup' scoreboard override for: ColossusIce
28/06/2018 23:57:39 [DEBUG] Removing 'combat-scoreboard-example' scoreboard override for: ColossusIce
28/06/2018 23:57:39 [DEBUG] Removing 'combat-scoreboard-example' scoreboard override for: ColossusIce
28/06/2018 23:58:37 [DEBUG] Adding 'combat-scoreboard-example' scoreboard override for: ColossusIce
28/06/2018 23:58:37 [DEBUG] Adding 'combat-scoreboard-example' scoreboard override for: ColossusIce
28/06/2018 23:58:43 [DEBUG] Removing 'combat-scoreboard-example' scoreboard override for: ColossusIce
28/06/2018 23:58:43 [DEBUG] Removing 'combat-scoreboard-example' scoreboard override for: ColossusIce
28/06/2018 23:58:45 [DEBUG] Adding 'combat-scoreboard-example' scoreboard override for: ColossusIce
28/06/2018 23:58:45 [DEBUG] Adding 'combat-scoreboard-example' scoreboard override for: ColossusIce
28/06/2018 23:58:52 [DEBUG] Removing 'combat-scoreboard-example' scoreboard override for: ColossusIce
28/06/2018 23:58:52 [DEBUG] Removing 'combat-scoreboard-example' scoreboard override for: ColossusIce
29/06/2018 00:02:04 [DEBUG] Adding 'combat-scoreboard-example' scoreboard override for: Swissy__Cheese
29/06/2018 00:02:04 [DEBUG] Adding 'combat-scoreboard-example' scoreboard override for: Swissy__Cheese
29/06/2018 00:02:09 [DEBUG] Removing 'combat-scoreboard-example' scoreboard override for: Swissy__Cheese
29/06/2018 00:02:09 [DEBUG] Removing 'combat-scoreboard-example' scoreboard override for: Swissy__Cheese
29/06/2018 00:04:26 [DEBUG] Adding 'combat-scoreboard-example' scoreboard override for: DarrylSSY
29/06/2018 00:04:26 [DEBUG] Adding 'combat-scoreboard-example' scoreboard override for: DarrylSSY
29/06/2018 00:04:26 [DEBUG] Adding 'combat-scoreboard-example' scoreboard override for: Swissy__Cheese
29/06/2018 00:04:26 [DEBUG] Adding 'combat-scoreboard-example' scoreboard override for: Swissy__Cheese
29/06/2018 00:04:26 [DEBUG] Adding 'combat-scoreboard-example' scoreboard override for: DarrylSSY
29/06/2018 00:04:26 [DEBUG] Adding 'combat-scoreboard-example' scoreboard override for: DarrylSSY
29/06/2018 00:04:31 [DEBUG] Removing 'combat-scoreboard-example' scoreboard override for: Swissy__Cheese
29/06/2018 00:04:31 [DEBUG] Removing 'combat-scoreboard-example' scoreboard override for: Swissy__Cheese
29/06/2018 00:05:01 [DEBUG] Adding 'combat-scoreboard-example' scoreboard override for: Swissy__Cheese
29/06/2018 00:05:01 [DEBUG] Adding 'combat-scoreboard-example' scoreboard override for: Swissy__Cheese
29/06/2018 00:05:01 [DEBUG] Adding 'combat-scoreboard-example' scoreboard override for: Ducklet
29/06/2018 00:05:01 [DEBUG] Adding 'combat-scoreboard-example' scoreboard override for: Ducklet
29/06/2018 00:05:06 [DEBUG] Removing 'combat-scoreboard-example' scoreboard override for: Swissy__Cheese
29/06/2018 00:05:06 [DEBUG] Removing 'combat-scoreboard-example' scoreboard override for: Swissy__Cheese
29/06/2018 00:08:58 [DEBUG] Adding 'combat-scoreboard-example' scoreboard override for: Swissy__Cheese
29/06/2018 00:08:58 [DEBUG] Adding 'combat-scoreboard-example' scoreboard override for: Swissy__Cheese
29/06/2018 00:09:06 [DEBUG] Removing 'combat-scoreboard-example' scoreboard override for: Swissy__Cheese
29/06/2018 00:09:06 [DEBUG] Removing 'combat-scoreboard-example' scoreboard override for: Swissy__Cheese
29/06/2018 00:09:08 [DEBUG] Adding 'combat-scoreboard-example' scoreboard override for: Swissy__Cheese
29/06/2018 00:09:08 [DEBUG] Adding 'combat-scoreboard-example' scoreboard override for: Swissy__Cheese
29/06/2018 00:09:14 [DEBUG] Removing 'combat-scoreboard-example' scoreboard override for: Swissy__Cheese
29/06/2018 00:09:14 [DEBUG] Removing 'combat-scoreboard-example' scoreboard override for: Swissy__Cheese
29/06/2018 00:09:42 [DEBUG] Adding 'combat-scoreboard-example' scoreboard override for: DarrylSSY
29/06/2018 00:09:42 [DEBUG] Adding 'combat-scoreboard-example' scoreboard override for: DarrylSSY
29/06/2018 00:09:42 [DEBUG] Adding 'combat-scoreboard-example' scoreboard override for: Swissy__Cheese
29/06/2018 00:09:42 [DEBUG] Adding 'combat-scoreboard-example' scoreboard override for: Swissy__Cheese
29/06/2018 00:09:49 [DEBUG] Removing 'combat-scoreboard-example' scoreboard override for: Swissy__Cheese
29/06/2018 00:09:49 [DEBUG] Removing 'combat-scoreboard-example' scoreboard override for: DarrylSSY
29/06/2018 00:09:49 [DEBUG] Removing 'combat-scoreboard-example' scoreboard override for: DarrylSSY
29/06/2018 00:09:49 [DEBUG] Removing 'combat-scoreboard-example' scoreboard override for: Swissy__Cheese
29/06/2018 00:10:27 [DEBUG] Adding 'combat-scoreboard-example' scoreboard override for: Swissy__Cheese
29/06/2018 00:10:27 [DEBUG] Adding 'combat-scoreboard-example' scoreboard override for: Swissy__Cheese
29/06/2018 00:10:40 [DEBUG] Removing 'combat-scoreboard-example' scoreboard override for: Swissy__Cheese
29/06/2018 00:10:40 [DEBUG] Removing 'combat-scoreboard-example' scoreboard override for: Swissy__Cheese
29/06/2018 00:11:12 [DEBUG] Adding 'combat-scoreboard-example' scoreboard override for: Swissy__Cheese
29/06/2018 00:11:12 [DEBUG] Adding 'combat-scoreboard-example' scoreboard override for: Swissy__Cheese
29/06/2018 00:11:17 [DEBUG] Removing 'combat-scoreboard-example' scoreboard override for: Swissy__Cheese
29/06/2018 00:11:17 [DEBUG] Removing 'combat-scoreboard-example' scoreboard override for: Swissy__Cheese
29/06/2018 00:13:17 [DEBUG] Adding 'mcmmo-levelup' scoreboard override for: HarukiGrande
29/06/2018 00:13:17 [DEBUG] Adding 'mcmmo-levelup' scoreboard override for: HarukiGrande
29/06/2018 00:13:22 [DEBUG] Removing 'mcmmo-levelup' scoreboard override for: HarukiGrande
29/06/2018 00:13:22 [DEBUG] Removing 'mcmmo-levelup' scoreboard override for: HarukiGrande
29/06/2018 00:15:47 [DEBUG] Adding 'mcmmo-levelup' scoreboard override for: HarukiGrande
29/06/2018 00:15:47 [DEBUG] Adding 'mcmmo-levelup' scoreboard override for: HarukiGrande
29/06/2018 00:15:51 [DEBUG] Adding 'combat-scoreboard-example' scoreboard override for: Swissy__Cheese
29/06/2018 00:15:51 [DEBUG] Adding 'combat-scoreboard-example' scoreboard override for: Swissy__Cheese
29/06/2018 00:15:52 [DEBUG] Removing 'mcmmo-levelup' scoreboard override for: HarukiGrande
29/06/2018 00:16:02 [DEBUG] Removing 'combat-scoreboard-example' scoreboard override for: Swissy__Cheese
29/06/2018 00:16:02 [DEBUG] Removing 'combat-scoreboard-example' scoreboard override for: Swissy__Cheese
29/06/2018 00:15:52 [DEBUG] Removing 'mcmmo-levelup' scoreboard override for: HarukiGrande
29/06/2018 00:15:52 [DEBUG] Removing 'mcmmo-levelup' scoreboard override for: HarukiGrande
29/06/2018 00:28:15 [DEBUG] Adding 'mcmmo-levelup' scoreboard override for: HarukiGrande
29/06/2018 00:28:15 [DEBUG] Adding 'mcmmo-levelup' scoreboard override for: HarukiGrande
29/06/2018 00:28:20 [DEBUG] Removing 'mcmmo-levelup' scoreboard override for: HarukiGrande
29/06/2018 00:28:20 [DEBUG] Removing 'mcmmo-levelup' scoreboard override for: HarukiGrande
29/06/2018 00:28:51 [DEBUG] Adding 'mcmmo-levelup' scoreboard override for: HarukiGrande
29/06/2018 00:28:51 [DEBUG] Adding 'mcmmo-levelup' scoreboard override for: HarukiGrande
29/06/2018 00:28:56 [DEBUG] Removing 'mcmmo-levelup' scoreboard override for: HarukiGrande
29/06/2018 00:28:56 [DEBUG] Removing 'mcmmo-levelup' scoreboard override for: HarukiGrande
29/06/2018 00:29:48 [DEBUG] Adding 'mcmmo-levelup' scoreboard override for: HarukiGrande
29/06/2018 00:29:48 [DEBUG] Adding 'mcmmo-levelup' scoreboard override for: HarukiGrande
29/06/2018 00:29:53 [DEBUG] Removing 'mcmmo-levelup' scoreboard override for: HarukiGrande
29/06/2018 00:29:53 [DEBUG] Removing 'mcmmo-levelup' scoreboard override for: HarukiGrande
29/06/2018 00:30:57 [DEBUG] Adding 'mcmmo-levelup' scoreboard override for: HarukiGrande
29/06/2018 00:30:57 [DEBUG] Adding 'mcmmo-levelup' scoreboard override for: HarukiGrande
29/06/2018 00:31:02 [DEBUG] Removing 'mcmmo-levelup' scoreboard override for: HarukiGrande
29/06/2018 00:31:02 [DEBUG] Removing 'mcmmo-levelup' scoreboard override for: HarukiGrande
29/06/2018 00:31:10 [DEBUG] Adding 'mcmmo-levelup' scoreboard override for: HarukiGrande
29/06/2018 00:31:10 [DEBUG] Adding 'mcmmo-levelup' scoreboard override for: HarukiGrande
29/06/2018 00:31:15 [DEBUG] Removing 'mcmmo-levelup' scoreboard override for: HarukiGrande
29/06/2018 00:31:15 [DEBUG] Removing 'mcmmo-levelup' scoreboard override for: HarukiGrande
